#! /c/Source/iverilog-install/bin/vvp
:ivl_version "12.0 (devel)" "(s20150603-1539-g2693dd32b)";
:ivl_delay_selection "TYPICAL";
:vpi_time_precision + 0;
:vpi_module "C:\iverilog\lib\ivl\system.vpi";
:vpi_module "C:\iverilog\lib\ivl\vhdl_sys.vpi";
:vpi_module "C:\iverilog\lib\ivl\vhdl_textio.vpi";
:vpi_module "C:\iverilog\lib\ivl\v2005_math.vpi";
:vpi_module "C:\iverilog\lib\ivl\va_math.vpi";
S_000001d738ea28f0 .scope module, "RISCV_Pipeline" "RISCV_Pipeline" 2 16;
 .timescale 0 0;
    .port_info 0 /INPUT 1 "clk";
    .port_info 1 /INPUT 1 "rst_n";
    .port_info 2 /OUTPUT 1 "ICACHE_ren";
    .port_info 3 /OUTPUT 1 "ICACHE_wen";
    .port_info 4 /OUTPUT 30 "ICACHE_addr";
    .port_info 5 /OUTPUT 32 "ICACHE_wdata";
    .port_info 6 /INPUT 1 "ICACHE_stall";
    .port_info 7 /INPUT 32 "ICACHE_rdata";
    .port_info 8 /OUTPUT 1 "DCACHE_ren";
    .port_info 9 /OUTPUT 1 "DCACHE_wen";
    .port_info 10 /OUTPUT 30 "DCACHE_addr";
    .port_info 11 /OUTPUT 32 "DCACHE_wdata";
    .port_info 12 /INPUT 1 "DCACHE_stall";
    .port_info 13 /INPUT 32 "DCACHE_rdata";
    .port_info 14 /OUTPUT 32 "PC";
P_000001d738ee1dc0 .param/l "COMPLETE" 0 2 78, C4<00>;
P_000001d738ee1df8 .param/l "INCOMPLETE" 0 2 79, C4<01>;
P_000001d738ee1e30 .param/l "PREPARE" 0 2 80, C4<10>;
L_000001d7392b44e0 .functor BUFZ 1, v000001d7392aaa20_0, C4<0>, C4<0>, C4<0>;
L_000001d7392b45c0 .functor BUFZ 1, v000001d7392ab7e0_0, C4<0>, C4<0>, C4<0>;
L_000001d7392b4b00 .functor BUFZ 32, v000001d739320190_0, C4<00000000000000000000000000000000>, C4<00000000000000000000000000000000>, C4<00000000000000000000000000000000>;
L_000001d7392b4be0 .functor OR 1, v000001d739318bf0_0, v000001d739318d30_0, C4<0>, C4<0>;
L_000001d73932cd90 .functor BUFT 1, C4<0>, C4<0>, C4<0>, C4<0>;
L_000001d7392b4240 .functor XNOR 1, L_000001d7392b4be0, L_000001d73932cd90, C4<0>, C4<0>;
L_000001d73932cdd8 .functor BUFT 1, C4<0>, C4<0>, C4<0>, C4<0>;
L_000001d7392b46a0 .functor XNOR 1, v000001d739315560_0, L_000001d73932cdd8, C4<0>, C4<0>;
L_000001d73932ce20 .functor BUFT 1, C4<0>, C4<0>, C4<0>, C4<0>;
L_000001d7392b41d0 .functor XNOR 1, v000001d739316320_0, L_000001d73932ce20, C4<0>, C4<0>;
L_000001d73932ce68 .functor BUFT 1, C4<0>, C4<0>, C4<0>, C4<0>;
L_000001d7392b4e80 .functor XNOR 1, v000001d739318dd0_0, L_000001d73932ce68, C4<0>, C4<0>;
o000001d7392be828 .functor BUFZ 1, C4<z>; HiZ drive
o000001d7392be708 .functor BUFZ 1, C4<z>; HiZ drive
L_000001d7392b4ef0 .functor OR 1, o000001d7392be828, o000001d7392be708, C4<0>, C4<0>;
L_000001d7392b4a90 .functor OR 1, L_000001d7392b4ef0, L_000001d739389190, C4<0>, C4<0>;
L_000001d73932ceb0 .functor BUFT 1, C4<1>, C4<0>, C4<0>, C4<0>;
L_000001d7392b4160 .functor XNOR 1, v000001d739318a10_0, L_000001d73932ceb0, C4<0>, C4<0>;
L_000001d7392b4400 .functor OR 1, v000001d739315740_0, v000001d739316320_0, C4<0>, C4<0>;
L_000001d7392b47f0 .functor AND 1, v000001d73931ac00_0, v000001d7393160a0_0, C4<1>, C4<1>;
L_000001d7392b4f60 .functor OR 1, L_000001d7392b47f0, v000001d739315740_0, C4<0>, C4<0>;
L_000001d7392b4b70 .functor OR 1, L_000001d7392b4f60, v000001d739316320_0, C4<0>, C4<0>;
L_000001d739389c10 .functor NOT 1, L_000001d7392b4ef0, C4<0>, C4<0>, C4<0>;
L_000001d739388da0 .functor AND 1, L_000001d739389740, L_000001d739389c10, C4<1>, C4<1>;
L_000001d7393890b0 .functor NOT 1, L_000001d7392b4ef0, C4<0>, C4<0>, C4<0>;
L_000001d739388e10 .functor AND 1, L_000001d739389430, L_000001d7393890b0, C4<1>, C4<1>;
v000001d739321a90_0 .net "ALUCtrl", 3 0, L_000001d7393868b0;  1 drivers
v000001d739322710_0 .net "ALUCtrl_in", 3 0, v000001d739318830_0;  1 drivers
v000001d739321d10_0 .net "ALUOp", 1 0, L_000001d739387fd0;  1 drivers
v000001d739322030_0 .net "ALUOp_IDEX", 1 0, v000001d739315380_0;  1 drivers
v000001d739322210_0 .net "ALUSrc", 0 0, L_000001d739386a90;  1 drivers
v000001d7393223f0_0 .net "ALUSrc_IDEX", 0 0, v000001d739315560_0;  1 drivers
v000001d7393227b0_0 .net "Branch", 0 0, L_000001d7393872b0;  1 drivers
v000001d739321e50_0 .net "Branch_IDEX", 0 0, v000001d7393160a0_0;  1 drivers
v000001d739321f90_0 .net "DCACHE_addr", 29 0, L_000001d73932a140;  1 drivers
o000001d7392be6a8 .functor BUFZ 32, C4<zzzzzzzzzzzzzzzzzzzzzzzzzzzzzzzz>; HiZ drive
v000001d7393220d0_0 .net "DCACHE_rdata", 31 0, o000001d7392be6a8;  0 drivers
v000001d7393228f0_0 .net "DCACHE_ren", 0 0, L_000001d7392b44e0;  1 drivers
v000001d739322490_0 .net "DCACHE_stall", 0 0, o000001d7392be708;  0 drivers
v000001d73931ff10_0 .net "DCACHE_wdata", 31 0, L_000001d73932b040;  1 drivers
v000001d73931f5b0_0 .net "DCACHE_wen", 0 0, L_000001d7392b45c0;  1 drivers
v000001d73931f330_0 .net "Flush_IDEX", 0 0, L_000001d739389430;  1 drivers
v000001d739320910_0 .net "Flush_IFID", 0 0, L_000001d739389740;  1 drivers
v000001d73931fdd0_0 .net "ForwardA", 1 0, L_000001d7393887f0;  1 drivers
v000001d739321270_0 .net "ForwardB", 1 0, L_000001d7393884d0;  1 drivers
v000001d739320c30_0 .net "ICACHE_addr", 29 0, L_000001d73932a320;  1 drivers
o000001d7392be7c8 .functor BUFZ 32, C4<zzzzzzzzzzzzzzzzzzzzzzzzzzzzzzzz>; HiZ drive
v000001d73931f650_0 .net "ICACHE_rdata", 31 0, o000001d7392be7c8;  0 drivers
L_000001d73932ccb8 .functor BUFT 1, C4<1>, C4<0>, C4<0>, C4<0>;
v000001d7393209b0_0 .net "ICACHE_ren", 0 0, L_000001d73932ccb8;  1 drivers
v000001d739321590_0 .net "ICACHE_stall", 0 0, o000001d7392be828;  0 drivers
L_000001d73932cd48 .functor BUFT 1, C4<00000000000000000000000000000000>, C4<0>, C4<0>, C4<0>;
v000001d739320370_0 .net "ICACHE_wdata", 31 0, L_000001d73932cd48;  1 drivers
L_000001d73932cd00 .functor BUFT 1, C4<0>, C4<0>, C4<0>, C4<0>;
v000001d739320230_0 .net "ICACHE_wen", 0 0, L_000001d73932cd00;  1 drivers
v000001d73931f830_0 .net "Jal", 0 0, L_000001d739386950;  1 drivers
v000001d7393200f0_0 .net "Jal_EXMEM", 0 0, v000001d7392ab880_0;  1 drivers
v000001d73931ffb0_0 .net "Jal_IDEX", 0 0, v000001d739315740_0;  1 drivers
v000001d73931fbf0_0 .net "Jal_MEMWB", 0 0, v000001d739318bf0_0;  1 drivers
v000001d73931fab0_0 .net "Jalr", 0 0, L_000001d739386f90;  1 drivers
v000001d73931fe70_0 .net "Jalr_EXMEM", 0 0, v000001d7392ab920_0;  1 drivers
v000001d7393214f0_0 .net "Jalr_IDEX", 0 0, v000001d739316320_0;  1 drivers
v000001d739320f50_0 .net "Jalr_MEMWB", 0 0, v000001d739318d30_0;  1 drivers
v000001d73931f6f0_0 .net "MemRead", 0 0, L_000001d739385910;  1 drivers
v000001d739321310_0 .net "MemRead_EXMEM", 0 0, v000001d7392aaa20_0;  1 drivers
v000001d7393202d0_0 .net "MemRead_IDEX", 0 0, v000001d739316e60_0;  1 drivers
v000001d73931f790_0 .net "MemWrite", 0 0, L_000001d739386630;  1 drivers
v000001d739320550_0 .net "MemWrite_EXMEM", 0 0, v000001d7392ab7e0_0;  1 drivers
v000001d739320b90_0 .net "MemWrite_IDEX", 0 0, v000001d739316f00_0;  1 drivers
v000001d73931fb50_0 .net "MemtoReg", 0 0, L_000001d739384d30;  1 drivers
v000001d739320050_0 .net "MemtoReg_EXMEM", 0 0, v000001d7392aa340_0;  1 drivers
v000001d739320eb0_0 .net "MemtoReg_IDEX", 0 0, v000001d739315ce0_0;  1 drivers
v000001d7393213b0_0 .net "MemtoReg_MEMWB", 0 0, v000001d739318dd0_0;  1 drivers
v000001d739320690_0 .net "PC", 31 0, L_000001d7392b4b00;  1 drivers
v000001d739320190_0 .var "PC_r", 31 0;
v000001d739320410_0 .net "PC_r_EXMEM_plus4", 31 0, v000001d7392ab9c0_0;  1 drivers
v000001d739320cd0_0 .net "PC_r_IDEX", 31 0, v000001d739316640_0;  1 drivers
v000001d7393204b0_0 .net "PC_r_IDEX_plus4", 31 0, L_000001d73932afa0;  1 drivers
v000001d73931f3d0_0 .net "PC_r_IFID", 31 0, v000001d7393185b0_0;  1 drivers
v000001d7393205f0_0 .net "PC_r_MEMWB_plus4", 31 0, v000001d739317110_0;  1 drivers
v000001d739320a50_0 .net "RDaddr_EXMEM", 4 0, v000001d7392aa200_0;  1 drivers
v000001d73931fd30_0 .net "RDaddr_IDEX", 4 0, v000001d739316820_0;  1 drivers
v000001d739320ff0_0 .net "RDaddr_MEMWB", 4 0, v000001d7393186f0_0;  1 drivers
v000001d73931fc90_0 .net "RS1_data", 31 0, v000001d739322e90_0;  1 drivers
v000001d73931f470_0 .net "RS1_data_IDEX", 31 0, v000001d739315880_0;  1 drivers
v000001d739320730_0 .net "RS1addr_IDEX", 4 0, v000001d7393168c0_0;  1 drivers
v000001d739320d70_0 .net "RS2_data", 31 0, v000001d739322850_0;  1 drivers
v000001d7393207d0_0 .net "RS2_data_EXMEM", 31 0, v000001d7392aac00_0;  1 drivers
v000001d739321090_0 .net "RS2_data_IDEX", 31 0, v000001d739317d90_0;  1 drivers
v000001d739320870_0 .net "RS2addr_IDEX", 4 0, v000001d739318150_0;  1 drivers
v000001d73931f8d0_0 .net "RegWrite", 0 0, L_000001d7393869f0;  1 drivers
v000001d739320af0_0 .net "RegWrite_EXMEM", 0 0, v000001d7392aae80_0;  1 drivers
v000001d73931f970_0 .net "RegWrite_IDEX", 0 0, v000001d739318010_0;  1 drivers
v000001d7393211d0_0 .net "RegWrite_MEMWB", 0 0, v000001d739317250_0;  1 drivers
v000001d73931fa10_0 .net *"_ivl_100", 31 0, L_000001d73932b360;  1 drivers
v000001d739320e10_0 .net *"_ivl_105", 0 0, L_000001d739385190;  1 drivers
v000001d739321130_0 .net *"_ivl_107", 0 0, L_000001d739385eb0;  1 drivers
v000001d739321450_0 .net *"_ivl_108", 31 0, L_000001d7393866d0;  1 drivers
v000001d739321630_0 .net *"_ivl_112", 0 0, L_000001d7392b4400;  1 drivers
v000001d73931f1f0_0 .net *"_ivl_116", 0 0, L_000001d7392b47f0;  1 drivers
v000001d7393216d0_0 .net *"_ivl_123", 1 0, L_000001d739385410;  1 drivers
L_000001d73932cf88 .functor BUFT 1, C4<11>, C4<0>, C4<0>, C4<0>;
v000001d739321770_0 .net/2u *"_ivl_124", 1 0, L_000001d73932cf88;  1 drivers
v000001d739321810_0 .net *"_ivl_129", 1 0, L_000001d739386c70;  1 drivers
L_000001d73932cfd0 .functor BUFT 1, C4<11>, C4<0>, C4<0>, C4<0>;
v000001d73931f0b0_0 .net/2u *"_ivl_130", 1 0, L_000001d73932cfd0;  1 drivers
v000001d73931f150_0 .net *"_ivl_132", 0 0, L_000001d739385f50;  1 drivers
L_000001d73932d018 .functor BUFT 1, C4<00000000000000000000000000000100>, C4<0>, C4<0>, C4<0>;
v000001d73931f290_0 .net/2u *"_ivl_134", 31 0, L_000001d73932d018;  1 drivers
v000001d73931f510_0 .net *"_ivl_136", 31 0, L_000001d739386310;  1 drivers
L_000001d73932d060 .functor BUFT 1, C4<00000000000000000000000000000010>, C4<0>, C4<0>, C4<0>;
v000001d7393291a0_0 .net/2u *"_ivl_138", 31 0, L_000001d73932d060;  1 drivers
v000001d739329600_0 .net *"_ivl_140", 31 0, L_000001d739385e10;  1 drivers
v000001d7393283e0_0 .net *"_ivl_15", 7 0, L_000001d73932a280;  1 drivers
v000001d739329420_0 .net *"_ivl_158", 0 0, L_000001d739389c10;  1 drivers
v000001d7393285c0_0 .net *"_ivl_162", 0 0, L_000001d7393890b0;  1 drivers
v000001d739328160_0 .net *"_ivl_17", 7 0, L_000001d73932a8c0;  1 drivers
v000001d739329c40_0 .net *"_ivl_173", 0 0, L_000001d7393878f0;  1 drivers
v000001d739328ac0_0 .net *"_ivl_175", 2 0, L_000001d7393889d0;  1 drivers
v000001d7393297e0_0 .net *"_ivl_19", 7 0, L_000001d73932ac80;  1 drivers
v000001d7393274e0_0 .net *"_ivl_21", 7 0, L_000001d73932a1e0;  1 drivers
v000001d739327ee0_0 .net *"_ivl_27", 7 0, L_000001d73932aa00;  1 drivers
v000001d739329560_0 .net *"_ivl_29", 7 0, L_000001d739329f60;  1 drivers
v000001d739328020_0 .net *"_ivl_31", 7 0, L_000001d73932ab40;  1 drivers
v000001d7393296a0_0 .net *"_ivl_33", 7 0, L_000001d73932abe0;  1 drivers
v000001d739328980_0 .net *"_ivl_37", 7 0, L_000001d73932adc0;  1 drivers
v000001d739329740_0 .net *"_ivl_39", 7 0, L_000001d73932a780;  1 drivers
v000001d739327940_0 .net *"_ivl_41", 7 0, L_000001d73932a3c0;  1 drivers
v000001d739328b60_0 .net *"_ivl_43", 7 0, L_000001d73932a640;  1 drivers
v000001d739328a20_0 .net *"_ivl_46", 0 0, L_000001d7392b4be0;  1 drivers
v000001d739329880_0 .net/2u *"_ivl_48", 0 0, L_000001d73932cd90;  1 drivers
v000001d739328ca0_0 .net *"_ivl_50", 0 0, L_000001d7392b4240;  1 drivers
v000001d739328660_0 .net/2u *"_ivl_54", 0 0, L_000001d73932cdd8;  1 drivers
v000001d7393292e0_0 .net *"_ivl_56", 0 0, L_000001d7392b46a0;  1 drivers
v000001d739329380_0 .net *"_ivl_61", 0 0, L_000001d73932a5a0;  1 drivers
v000001d7393279e0_0 .net *"_ivl_62", 31 0, L_000001d73932a820;  1 drivers
v000001d7393280c0_0 .net/2u *"_ivl_66", 0 0, L_000001d73932ce20;  1 drivers
v000001d7393294c0_0 .net *"_ivl_68", 0 0, L_000001d7392b41d0;  1 drivers
v000001d739327f80_0 .net/2u *"_ivl_72", 0 0, L_000001d73932ce68;  1 drivers
v000001d739329920_0 .net *"_ivl_74", 0 0, L_000001d7392b4e80;  1 drivers
v000001d739327620_0 .net/2u *"_ivl_82", 0 0, L_000001d73932ceb0;  1 drivers
v000001d739328700_0 .net *"_ivl_84", 0 0, L_000001d7392b4160;  1 drivers
L_000001d73932cef8 .functor BUFT 1, C4<00000000000000000000000000000010>, C4<0>, C4<0>, C4<0>;
v000001d739327c60_0 .net/2u *"_ivl_86", 31 0, L_000001d73932cef8;  1 drivers
v000001d739328480_0 .net *"_ivl_88", 31 0, L_000001d73932ae60;  1 drivers
L_000001d73932cf40 .functor BUFT 1, C4<00000000000000000000000000000100>, C4<0>, C4<0>, C4<0>;
v000001d739327d00_0 .net/2u *"_ivl_90", 31 0, L_000001d73932cf40;  1 drivers
v000001d739327760_0 .net *"_ivl_92", 31 0, L_000001d73932a000;  1 drivers
v000001d739329a60_0 .net *"_ivl_97", 0 0, L_000001d73932b220;  1 drivers
v000001d739328e80_0 .net *"_ivl_99", 0 0, L_000001d73932b0e0;  1 drivers
v000001d739328f20_0 .net "alu_result", 31 0, v000001d739317bb0_0;  1 drivers
v000001d7393299c0_0 .net "alu_result_EXMEM", 31 0, v000001d7392aa020_0;  1 drivers
v000001d7393287a0_0 .net "alu_result_MEMWB", 31 0, v000001d739318ab0_0;  1 drivers
v000001d739328200_0 .net "branch_or_jal", 0 0, L_000001d7392b4f60;  1 drivers
v000001d739328c00_0 .net "branch_or_jump", 0 0, L_000001d7392b4b70;  1 drivers
o000001d7392b9848 .functor BUFZ 1, C4<z>; HiZ drive
v000001d739329b00_0 .net "clk", 0 0, o000001d7392b9848;  0 drivers
v000001d739329ba0_0 .net "compress_IDEX", 0 0, v000001d739318a10_0;  1 drivers
v000001d739328520_0 .var "compression_buffer_r", 15 0;
v000001d739327bc0_0 .var "compression_buffer_w", 15 0;
v000001d739327580_0 .net "immgen_result", 31 0, v000001d7393225d0_0;  1 drivers
v000001d7393276c0_0 .net "immgen_result_IDEX", 31 0, v000001d739318970_0;  1 drivers
v000001d7393282a0_0 .net "instruction_r", 31 0, v000001d7393180b0_0;  1 drivers
v000001d739327da0_0 .net "instruction_w", 31 0, L_000001d73932a460;  1 drivers
v000001d739327a80_0 .net "is_compress", 0 0, L_000001d739385b90;  1 drivers
v000001d739328340_0 .net "mem_data", 31 0, L_000001d73932ad20;  1 drivers
v000001d739327800_0 .net "mem_data_MEMWB", 31 0, v000001d739318e70_0;  1 drivers
v000001d739328d40_0 .net "mux1", 31 0, L_000001d73932a500;  1 drivers
v000001d739328840_0 .net "mux2", 31 0, L_000001d73932af00;  1 drivers
v000001d7393278a0_0 .net "mux3", 31 0, L_000001d73932a6e0;  1 drivers
v000001d739327b20_0 .net "mux4", 31 0, L_000001d739329ec0;  1 drivers
v000001d739327e40_0 .net "mux5", 31 0, L_000001d73932b2c0;  1 drivers
v000001d7393288e0_0 .net "mux6", 31 0, L_000001d739329ce0;  1 drivers
v000001d739328de0_0 .net "mux7", 31 0, L_000001d739385cd0;  1 drivers
v000001d739328fc0_0 .net "mux8", 31 0, L_000001d739386db0;  1 drivers
v000001d739329060_0 .net "mux9", 31 0, L_000001d7393854b0;  1 drivers
o000001d7392b9878 .functor BUFZ 1, C4<z>; HiZ drive
v000001d739329100_0 .net "rst_n", 0 0, o000001d7392b9878;  0 drivers
v000001d739329240_0 .net "stall", 0 0, L_000001d7392b4a90;  1 drivers
v000001d739329d80_0 .net "stall_load_use", 0 0, L_000001d739389190;  1 drivers
v000001d73932aaa0_0 .net "stall_mem", 0 0, L_000001d7392b4ef0;  1 drivers
v000001d73932a960_0 .var "state_r", 1 0;
v000001d73932b180_0 .var "state_w", 1 0;
v000001d739329e20_0 .var "true_instruction", 31 0;
v000001d73932a0a0_0 .net "zero", 0 0, v000001d73931ac00_0;  1 drivers
E_000001d73928c100 .event anyedge, v000001d73932a960_0, v000001d739327da0_0, v000001d739328520_0;
L_000001d73932a320 .part v000001d739320190_0, 2, 30;
L_000001d73932a140 .part v000001d7392aa020_0, 2, 30;
L_000001d73932a280 .part v000001d7392aac00_0, 0, 8;
L_000001d73932a8c0 .part v000001d7392aac00_0, 8, 8;
L_000001d73932ac80 .part v000001d7392aac00_0, 16, 8;
L_000001d73932a1e0 .part v000001d7392aac00_0, 24, 8;
L_000001d73932b040 .concat [ 8 8 8 8], L_000001d73932a1e0, L_000001d73932ac80, L_000001d73932a8c0, L_000001d73932a280;
L_000001d73932aa00 .part o000001d7392be6a8, 0, 8;
L_000001d739329f60 .part o000001d7392be6a8, 8, 8;
L_000001d73932ab40 .part o000001d7392be6a8, 16, 8;
L_000001d73932abe0 .part o000001d7392be6a8, 24, 8;
L_000001d73932ad20 .concat [ 8 8 8 8], L_000001d73932abe0, L_000001d73932ab40, L_000001d739329f60, L_000001d73932aa00;
L_000001d73932adc0 .part o000001d7392be7c8, 0, 8;
L_000001d73932a780 .part o000001d7392be7c8, 8, 8;
L_000001d73932a3c0 .part o000001d7392be7c8, 16, 8;
L_000001d73932a640 .part o000001d7392be7c8, 24, 8;
L_000001d73932a460 .concat [ 8 8 8 8], L_000001d73932a640, L_000001d73932a3c0, L_000001d73932a780, L_000001d73932adc0;
L_000001d73932a500 .functor MUXZ 32, v000001d739317110_0, L_000001d73932b2c0, L_000001d7392b4240, C4<>;
L_000001d73932af00 .functor MUXZ 32, v000001d739318970_0, L_000001d739385cd0, L_000001d7392b46a0, C4<>;
L_000001d73932a5a0 .reduce/nor L_000001d7392b4f60;
L_000001d73932a820 .arith/sum 32, v000001d739316640_0, v000001d739318970_0;
L_000001d73932a6e0 .functor MUXZ 32, L_000001d73932a820, L_000001d7393854b0, L_000001d73932a5a0, C4<>;
L_000001d739329ec0 .functor MUXZ 32, v000001d739317bb0_0, L_000001d73932a6e0, L_000001d7392b41d0, C4<>;
L_000001d73932b2c0 .functor MUXZ 32, v000001d739318e70_0, v000001d739318ab0_0, L_000001d7392b4e80, C4<>;
L_000001d73932ae60 .arith/sum 32, v000001d739316640_0, L_000001d73932cef8;
L_000001d73932a000 .arith/sum 32, v000001d739316640_0, L_000001d73932cf40;
L_000001d73932afa0 .functor MUXZ 32, L_000001d73932a000, L_000001d73932ae60, L_000001d7392b4160, C4<>;
L_000001d73932b220 .part L_000001d7393887f0, 1, 1;
L_000001d73932b0e0 .part L_000001d7393887f0, 0, 1;
L_000001d73932b360 .functor MUXZ 32, v000001d739315880_0, L_000001d73932a500, L_000001d73932b0e0, C4<>;
L_000001d739329ce0 .functor MUXZ 32, L_000001d73932b360, L_000001d739386db0, L_000001d73932b220, C4<>;
L_000001d739385190 .part L_000001d7393884d0, 1, 1;
L_000001d739385eb0 .part L_000001d7393884d0, 0, 1;
L_000001d7393866d0 .functor MUXZ 32, v000001d739317d90_0, L_000001d73932a500, L_000001d739385eb0, C4<>;
L_000001d739385cd0 .functor MUXZ 32, L_000001d7393866d0, L_000001d739386db0, L_000001d739385190, C4<>;
L_000001d739386db0 .functor MUXZ 32, v000001d7392aa020_0, v000001d7392ab9c0_0, L_000001d7392b4400, C4<>;
L_000001d739385410 .part v000001d7393180b0_0, 0, 2;
L_000001d739385b90 .cmp/ne 2, L_000001d739385410, L_000001d73932cf88;
L_000001d739386c70 .part v000001d739329e20_0, 0, 2;
L_000001d739385f50 .cmp/eq 2, L_000001d739386c70, L_000001d73932cfd0;
L_000001d739386310 .arith/sum 32, v000001d739320190_0, L_000001d73932d018;
L_000001d739385e10 .arith/sum 32, v000001d739320190_0, L_000001d73932d060;
L_000001d7393854b0 .functor MUXZ 32, L_000001d739385e10, L_000001d739386310, L_000001d739385f50, C4<>;
L_000001d739385370 .part v000001d739318830_0, 3, 1;
L_000001d739386ef0 .part v000001d739318830_0, 0, 3;
L_000001d739388390 .part v000001d7393180b0_0, 0, 7;
L_000001d739388bb0 .part v000001d7393180b0_0, 15, 5;
L_000001d739388070 .part v000001d7393180b0_0, 20, 5;
L_000001d739387990 .part v000001d7393180b0_0, 15, 5;
L_000001d739387530 .part v000001d7393180b0_0, 20, 5;
L_000001d739388750 .part v000001d7393180b0_0, 15, 5;
L_000001d739387b70 .part v000001d7393180b0_0, 20, 5;
L_000001d739388890 .part v000001d7393180b0_0, 7, 5;
L_000001d7393878f0 .part v000001d7393180b0_0, 30, 1;
L_000001d7393889d0 .part v000001d7393180b0_0, 12, 3;
L_000001d7393875d0 .concat [ 3 1 0 0], L_000001d7393889d0, L_000001d7393878f0;
S_000001d738ea2a80 .scope module, "EXMEM" "EXMEM" 2 314, 3 144 0, S_000001d738ea28f0;
 .timescale 0 0;
    .port_info 0 /INPUT 1 "clk";
    .port_info 1 /INPUT 1 "rst_n";
    .port_info 2 /INPUT 1 "Stall";
    .port_info 3 /INPUT 32 "PC_i";
    .port_info 4 /INPUT 1 "Jalr_i";
    .port_info 5 /INPUT 1 "Jal_i";
    .port_info 6 /INPUT 1 "RegWrite_i";
    .port_info 7 /INPUT 1 "MemtoReg_i";
    .port_info 8 /INPUT 1 "MemRead_i";
    .port_info 9 /INPUT 1 "MemWrite_i";
    .port_info 10 /INPUT 32 "ALUResult_i";
    .port_info 11 /INPUT 32 "RS2data_i";
    .port_info 12 /INPUT 5 "RDaddr_i";
    .port_info 13 /OUTPUT 32 "PC_o";
    .port_info 14 /OUTPUT 1 "Jalr_o";
    .port_info 15 /OUTPUT 1 "Jal_o";
    .port_info 16 /OUTPUT 1 "RegWrite_o";
    .port_info 17 /OUTPUT 1 "MemtoReg_o";
    .port_info 18 /OUTPUT 1 "MemRead_o";
    .port_info 19 /OUTPUT 1 "MemWrite_o";
    .port_info 20 /OUTPUT 32 "ALUResult_o";
    .port_info 21 /OUTPUT 32 "RS2data_o";
    .port_info 22 /OUTPUT 5 "RDaddr_o";
    .port_info 23 /NODIR 0 "";
v000001d7392ab560_0 .net "ALUResult_i", 31 0, v000001d739317bb0_0;  alias, 1 drivers
v000001d7392aa020_0 .var "ALUResult_o", 31 0;
v000001d7392aaca0_0 .net "Jal_i", 0 0, v000001d739315740_0;  alias, 1 drivers
v000001d7392ab880_0 .var "Jal_o", 0 0;
v000001d7392ab6a0_0 .net "Jalr_i", 0 0, v000001d739316320_0;  alias, 1 drivers
v000001d7392ab920_0 .var "Jalr_o", 0 0;
v000001d7392a9da0_0 .net "MemRead_i", 0 0, v000001d739316e60_0;  alias, 1 drivers
v000001d7392aaa20_0 .var "MemRead_o", 0 0;
v000001d7392aa0c0_0 .net "MemWrite_i", 0 0, v000001d739316f00_0;  alias, 1 drivers
v000001d7392ab7e0_0 .var "MemWrite_o", 0 0;
v000001d7392aa160_0 .net "MemtoReg_i", 0 0, v000001d739315ce0_0;  alias, 1 drivers
v000001d7392aa340_0 .var "MemtoReg_o", 0 0;
v000001d7392a9d00_0 .net "PC_i", 31 0, L_000001d73932afa0;  alias, 1 drivers
v000001d7392ab9c0_0 .var "PC_o", 31 0;
v000001d7392aad40_0 .net "RDaddr_i", 4 0, v000001d739316820_0;  alias, 1 drivers
v000001d7392aa200_0 .var "RDaddr_o", 4 0;
v000001d7392aaac0_0 .net "RS2data_i", 31 0, v000001d739317d90_0;  alias, 1 drivers
v000001d7392aac00_0 .var "RS2data_o", 31 0;
v000001d7392aa5c0_0 .net "RegWrite_i", 0 0, v000001d739318010_0;  alias, 1 drivers
v000001d7392aae80_0 .var "RegWrite_o", 0 0;
v000001d7392aba60_0 .net "Stall", 0 0, L_000001d7392b4ef0;  alias, 1 drivers
v000001d7392aa660_0 .net "clk", 0 0, o000001d7392b9848;  alias, 0 drivers
v000001d7392aab60_0 .net "rst_n", 0 0, o000001d7392b9878;  alias, 0 drivers
E_000001d73928bd80 .event posedge, v000001d7392aa660_0;
S_000001d738e9c9f0 .scope module, "Forwarding_Unit" "Forwarding_Unit" 2 237, 4 1 0, S_000001d738ea28f0;
 .timescale 0 0;
    .port_info 0 /INPUT 5 "RS1addr_i";
    .port_info 1 /INPUT 5 "RS2addr_i";
    .port_info 2 /INPUT 5 "RDaddr_EXMEM_i";
    .port_info 3 /INPUT 1 "RegWrite_EXMEM_i";
    .port_info 4 /INPUT 5 "RDaddr_MEMWB_i";
    .port_info 5 /INPUT 1 "RegWrite_MEMWB_i";
    .port_info 6 /OUTPUT 2 "ForwardA_o";
    .port_info 7 /OUTPUT 2 "ForwardB_o";
L_000001d7393899e0 .functor AND 1, v000001d7392aae80_0, L_000001d739388110, C4<1>, C4<1>;
L_000001d739389b30 .functor AND 1, L_000001d7393899e0, L_000001d739388930, C4<1>, C4<1>;
L_000001d739389580 .functor AND 1, v000001d7392aae80_0, L_000001d7393881b0, C4<1>, C4<1>;
L_000001d739389820 .functor AND 1, L_000001d739389580, L_000001d739388430, C4<1>, C4<1>;
L_000001d739389900 .functor AND 1, v000001d739317250_0, L_000001d739387df0, C4<1>, C4<1>;
L_000001d7393895f0 .functor AND 1, L_000001d739389900, L_000001d739387d50, C4<1>, C4<1>;
L_000001d739389660 .functor AND 1, v000001d739317250_0, L_000001d739388610, C4<1>, C4<1>;
L_000001d739389a50 .functor AND 1, L_000001d739389660, L_000001d7393882f0, C4<1>, C4<1>;
v000001d7392aaf20_0 .net "ForwardA_o", 1 0, L_000001d7393887f0;  alias, 1 drivers
v000001d7392ab060_0 .net "ForwardB_o", 1 0, L_000001d7393884d0;  alias, 1 drivers
v000001d7392ab600_0 .net "RDaddr_EXMEM_i", 4 0, v000001d7392aa200_0;  alias, 1 drivers
v000001d7392aade0_0 .net "RDaddr_MEMWB_i", 4 0, v000001d7393186f0_0;  alias, 1 drivers
v000001d7392aafc0_0 .net "RS1addr_i", 4 0, v000001d7393168c0_0;  alias, 1 drivers
v000001d7392ab100_0 .net "RS2addr_i", 4 0, v000001d739318150_0;  alias, 1 drivers
v000001d7392abb00_0 .net "RegWrite_EXMEM_i", 0 0, v000001d7392aae80_0;  alias, 1 drivers
v000001d7392abba0_0 .net "RegWrite_MEMWB_i", 0 0, v000001d739317250_0;  alias, 1 drivers
L_000001d73932e380 .functor BUFT 1, C4<00000>, C4<0>, C4<0>, C4<0>;
v000001d7392a9f80_0 .net/2u *"_ivl_0", 4 0, L_000001d73932e380;  1 drivers
L_000001d73932e3c8 .functor BUFT 1, C4<00000>, C4<0>, C4<0>, C4<0>;
v000001d7392ab1a0_0 .net/2u *"_ivl_10", 4 0, L_000001d73932e3c8;  1 drivers
v000001d7392a9e40_0 .net *"_ivl_12", 0 0, L_000001d7393881b0;  1 drivers
v000001d7392aa2a0_0 .net *"_ivl_14", 0 0, L_000001d739389580;  1 drivers
v000001d7392aa480_0 .net *"_ivl_16", 0 0, L_000001d739388430;  1 drivers
v000001d7392ab380_0 .net *"_ivl_2", 0 0, L_000001d739388110;  1 drivers
L_000001d73932e410 .functor BUFT 1, C4<00000>, C4<0>, C4<0>, C4<0>;
v000001d7392aa3e0_0 .net/2u *"_ivl_20", 4 0, L_000001d73932e410;  1 drivers
v000001d7392a9ee0_0 .net *"_ivl_22", 0 0, L_000001d739387df0;  1 drivers
v000001d7392ab240_0 .net *"_ivl_24", 0 0, L_000001d739389900;  1 drivers
v000001d7392ab2e0_0 .net *"_ivl_26", 0 0, L_000001d739387d50;  1 drivers
L_000001d73932e458 .functor BUFT 1, C4<00000>, C4<0>, C4<0>, C4<0>;
v000001d7392aa520_0 .net/2u *"_ivl_30", 4 0, L_000001d73932e458;  1 drivers
v000001d7392aa7a0_0 .net *"_ivl_32", 0 0, L_000001d739388610;  1 drivers
v000001d7392ab420_0 .net *"_ivl_34", 0 0, L_000001d739389660;  1 drivers
v000001d7392aa840_0 .net *"_ivl_36", 0 0, L_000001d7393882f0;  1 drivers
v000001d7392aa8e0_0 .net *"_ivl_4", 0 0, L_000001d7393899e0;  1 drivers
L_000001d73932e4a0 .functor BUFT 1, C4<01>, C4<0>, C4<0>, C4<0>;
v000001d73929db80_0 .net/2u *"_ivl_40", 1 0, L_000001d73932e4a0;  1 drivers
L_000001d73932e4e8 .functor BUFT 1, C4<00>, C4<0>, C4<0>, C4<0>;
v000001d73929de00_0 .net/2u *"_ivl_42", 1 0, L_000001d73932e4e8;  1 drivers
L_000001d73932e530 .functor BUFT 1, C4<10>, C4<0>, C4<0>, C4<0>;
v000001d73929df40_0 .net/2u *"_ivl_46", 1 0, L_000001d73932e530;  1 drivers
L_000001d73932e578 .functor BUFT 1, C4<01>, C4<0>, C4<0>, C4<0>;
v000001d739315c40_0 .net/2u *"_ivl_50", 1 0, L_000001d73932e578;  1 drivers
L_000001d73932e5c0 .functor BUFT 1, C4<00>, C4<0>, C4<0>, C4<0>;
v000001d739316aa0_0 .net/2u *"_ivl_52", 1 0, L_000001d73932e5c0;  1 drivers
L_000001d73932e608 .functor BUFT 1, C4<10>, C4<0>, C4<0>, C4<0>;
v000001d7393154c0_0 .net/2u *"_ivl_56", 1 0, L_000001d73932e608;  1 drivers
v000001d739315240_0 .net *"_ivl_6", 0 0, L_000001d739388930;  1 drivers
v000001d7393165a0_0 .net "cA1", 0 0, L_000001d739389b30;  1 drivers
v000001d739316500_0 .net "cA2", 0 0, L_000001d7393895f0;  1 drivers
v000001d739315ba0_0 .net "cB1", 0 0, L_000001d739389820;  1 drivers
v000001d739316be0_0 .net "cB2", 0 0, L_000001d739389a50;  1 drivers
v000001d739316780_0 .net "tmpA", 1 0, L_000001d739387e90;  1 drivers
v000001d739315100_0 .net "tmpB", 1 0, L_000001d739388250;  1 drivers
L_000001d739388110 .cmp/ne 5, v000001d7392aa200_0, L_000001d73932e380;
L_000001d739388930 .cmp/eq 5, v000001d7392aa200_0, v000001d7393168c0_0;
L_000001d7393881b0 .cmp/ne 5, v000001d7392aa200_0, L_000001d73932e3c8;
L_000001d739388430 .cmp/eq 5, v000001d7392aa200_0, v000001d739318150_0;
L_000001d739387df0 .cmp/ne 5, v000001d7393186f0_0, L_000001d73932e410;
L_000001d739387d50 .cmp/eq 5, v000001d7393186f0_0, v000001d7393168c0_0;
L_000001d739388610 .cmp/ne 5, v000001d7393186f0_0, L_000001d73932e458;
L_000001d7393882f0 .cmp/eq 5, v000001d7393186f0_0, v000001d739318150_0;
L_000001d739387e90 .functor MUXZ 2, L_000001d73932e4e8, L_000001d73932e4a0, L_000001d7393895f0, C4<>;
L_000001d7393887f0 .functor MUXZ 2, L_000001d739387e90, L_000001d73932e530, L_000001d739389b30, C4<>;
L_000001d739388250 .functor MUXZ 2, L_000001d73932e5c0, L_000001d73932e578, L_000001d739389a50, C4<>;
L_000001d7393884d0 .functor MUXZ 2, L_000001d739388250, L_000001d73932e608, L_000001d739389820, C4<>;
S_000001d738e942a0 .scope module, "Hazard_Detection_Unit" "Hazard_Detection_Unit" 2 248, 5 1 0, S_000001d738ea28f0;
 .timescale 0 0;
    .port_info 0 /INPUT 1 "MemRead_i";
    .port_info 1 /INPUT 5 "RDaddr_i";
    .port_info 2 /INPUT 5 "RS1addr_i";
    .port_info 3 /INPUT 5 "RS2addr_i";
    .port_info 4 /INPUT 1 "BranchOrJump_i";
    .port_info 5 /OUTPUT 1 "Stall_load_use_o";
    .port_info 6 /OUTPUT 1 "Flush_IFID_o";
    .port_info 7 /OUTPUT 1 "Flush_IDEX_o";
L_000001d7393897b0 .functor OR 1, L_000001d7393877b0, L_000001d739388570, C4<0>, C4<0>;
L_000001d739389ba0 .functor AND 1, L_000001d7393886b0, v000001d739316e60_0, C4<1>, C4<1>;
L_000001d739389190 .functor AND 1, L_000001d739389ba0, L_000001d7393897b0, C4<1>, C4<1>;
L_000001d739389430 .functor OR 1, L_000001d739389190, L_000001d7392b4b70, C4<0>, C4<0>;
L_000001d739389740 .functor BUFZ 1, L_000001d7392b4b70, C4<0>, C4<0>, C4<0>;
v000001d739315f60_0 .net "BranchOrJump_i", 0 0, L_000001d7392b4b70;  alias, 1 drivers
v000001d739316460_0 .net "Flush_IDEX_o", 0 0, L_000001d739389430;  alias, 1 drivers
v000001d739315e20_0 .net "Flush_IFID_o", 0 0, L_000001d739389740;  alias, 1 drivers
v000001d739315920_0 .net "MemRead_i", 0 0, v000001d739316e60_0;  alias, 1 drivers
v000001d739316140_0 .net "RDaddr_i", 4 0, v000001d739316820_0;  alias, 1 drivers
v000001d7393159c0_0 .net "RS1addr_i", 4 0, L_000001d739387990;  1 drivers
v000001d739315600_0 .net "RS2addr_i", 4 0, L_000001d739387530;  1 drivers
v000001d7393161e0_0 .net "Stall_load_use_o", 0 0, L_000001d739389190;  alias, 1 drivers
v000001d7393151a0_0 .net *"_ivl_0", 0 0, L_000001d7393877b0;  1 drivers
v000001d739316280_0 .net *"_ivl_10", 0 0, L_000001d739389ba0;  1 drivers
v000001d739315060_0 .net *"_ivl_2", 0 0, L_000001d739388570;  1 drivers
L_000001d73932e650 .functor BUFT 1, C4<00000>, C4<0>, C4<0>, C4<0>;
v000001d739315420_0 .net/2u *"_ivl_6", 4 0, L_000001d73932e650;  1 drivers
v000001d7393156a0_0 .net *"_ivl_8", 0 0, L_000001d7393886b0;  1 drivers
v000001d739316c80_0 .net "tmp", 0 0, L_000001d7393897b0;  1 drivers
L_000001d7393877b0 .cmp/eq 5, v000001d739316820_0, L_000001d739387990;
L_000001d739388570 .cmp/eq 5, v000001d739316820_0, L_000001d739387530;
L_000001d7393886b0 .cmp/ne 5, v000001d739316820_0, L_000001d73932e650;
S_000001d738e3eac0 .scope module, "IDEX" "IDEX" 2 270, 3 32 0, S_000001d738ea28f0;
 .timescale 0 0;
    .port_info 0 /INPUT 1 "clk";
    .port_info 1 /INPUT 1 "rst_n";
    .port_info 2 /INPUT 1 "compress_i";
    .port_info 3 /INPUT 1 "Stall";
    .port_info 4 /INPUT 1 "Flush";
    .port_info 5 /INPUT 32 "PC_i";
    .port_info 6 /INPUT 1 "Jalr_i";
    .port_info 7 /INPUT 1 "Jal_i";
    .port_info 8 /INPUT 1 "Branch_i";
    .port_info 9 /INPUT 2 "ALUOp_i";
    .port_info 10 /INPUT 1 "ALUSrc_i";
    .port_info 11 /INPUT 1 "MemRead_i";
    .port_info 12 /INPUT 1 "MemWrite_i";
    .port_info 13 /INPUT 1 "RegWrite_i";
    .port_info 14 /INPUT 1 "MemtoReg_i";
    .port_info 15 /INPUT 32 "RS1data_i";
    .port_info 16 /INPUT 32 "RS2data_i";
    .port_info 17 /INPUT 5 "RS1addr_i";
    .port_info 18 /INPUT 5 "RS2addr_i";
    .port_info 19 /INPUT 5 "RDaddr_i";
    .port_info 20 /INPUT 4 "funct_i";
    .port_info 21 /INPUT 32 "imm_i";
    .port_info 22 /OUTPUT 32 "PC_o";
    .port_info 23 /OUTPUT 1 "Jalr_o";
    .port_info 24 /OUTPUT 1 "Jal_o";
    .port_info 25 /OUTPUT 1 "Branch_o";
    .port_info 26 /OUTPUT 2 "ALUOp_o";
    .port_info 27 /OUTPUT 1 "ALUSrc_o";
    .port_info 28 /OUTPUT 1 "MemRead_o";
    .port_info 29 /OUTPUT 1 "MemWrite_o";
    .port_info 30 /OUTPUT 1 "RegWrite_o";
    .port_info 31 /OUTPUT 1 "MemtoReg_o";
    .port_info 32 /OUTPUT 32 "RS1data_o";
    .port_info 33 /OUTPUT 32 "RS2data_o";
    .port_info 34 /OUTPUT 5 "RS1addr_o";
    .port_info 35 /OUTPUT 5 "RS2addr_o";
    .port_info 36 /OUTPUT 5 "RDaddr_o";
    .port_info 37 /OUTPUT 4 "funct_o";
    .port_info 38 /OUTPUT 32 "imm_o";
    .port_info 39 /OUTPUT 1 "compress_o";
v000001d739316d20_0 .net "ALUOp_i", 1 0, L_000001d739387fd0;  alias, 1 drivers
v000001d739315380_0 .var "ALUOp_o", 1 0;
v000001d739316a00_0 .net "ALUSrc_i", 0 0, L_000001d739386a90;  alias, 1 drivers
v000001d739315560_0 .var "ALUSrc_o", 0 0;
v000001d739316000_0 .net "Branch_i", 0 0, L_000001d7393872b0;  alias, 1 drivers
v000001d7393160a0_0 .var "Branch_o", 0 0;
v000001d739316b40_0 .net "Flush", 0 0, L_000001d739388e10;  1 drivers
v000001d739315b00_0 .net "Jal_i", 0 0, L_000001d739386950;  alias, 1 drivers
v000001d739315740_0 .var "Jal_o", 0 0;
v000001d739316dc0_0 .net "Jalr_i", 0 0, L_000001d739386f90;  alias, 1 drivers
v000001d739316320_0 .var "Jalr_o", 0 0;
v000001d739315a60_0 .net "MemRead_i", 0 0, L_000001d739385910;  alias, 1 drivers
v000001d739316e60_0 .var "MemRead_o", 0 0;
v000001d739315ec0_0 .net "MemWrite_i", 0 0, L_000001d739386630;  alias, 1 drivers
v000001d739316f00_0 .var "MemWrite_o", 0 0;
v000001d7393163c0_0 .net "MemtoReg_i", 0 0, L_000001d739384d30;  alias, 1 drivers
v000001d739315ce0_0 .var "MemtoReg_o", 0 0;
v000001d739315d80_0 .net "PC_i", 31 0, v000001d7393185b0_0;  alias, 1 drivers
v000001d739316640_0 .var "PC_o", 31 0;
v000001d7393166e0_0 .net "RDaddr_i", 4 0, L_000001d739388890;  1 drivers
v000001d739316820_0 .var "RDaddr_o", 4 0;
v000001d7393157e0_0 .net "RS1addr_i", 4 0, L_000001d739388750;  1 drivers
v000001d7393168c0_0 .var "RS1addr_o", 4 0;
v000001d7393152e0_0 .net "RS1data_i", 31 0, v000001d739322e90_0;  alias, 1 drivers
v000001d739315880_0 .var "RS1data_o", 31 0;
v000001d739316960_0 .net "RS2addr_i", 4 0, L_000001d739387b70;  1 drivers
v000001d739318150_0 .var "RS2addr_o", 4 0;
v000001d739317430_0 .net "RS2data_i", 31 0, v000001d739322850_0;  alias, 1 drivers
v000001d739317d90_0 .var "RS2data_o", 31 0;
v000001d739317ed0_0 .net "RegWrite_i", 0 0, L_000001d7393869f0;  alias, 1 drivers
v000001d739318010_0 .var "RegWrite_o", 0 0;
v000001d7393174d0_0 .net "Stall", 0 0, L_000001d7392b4ef0;  alias, 1 drivers
v000001d739317f70_0 .net "clk", 0 0, o000001d7392b9848;  alias, 0 drivers
v000001d739317610_0 .net "compress_i", 0 0, L_000001d739385b90;  alias, 1 drivers
v000001d739318a10_0 .var "compress_o", 0 0;
v000001d739318b50_0 .net "funct_i", 3 0, L_000001d7393875d0;  1 drivers
v000001d739318830_0 .var "funct_o", 3 0;
v000001d739317cf0_0 .net "imm_i", 31 0, v000001d7393225d0_0;  alias, 1 drivers
v000001d739318970_0 .var "imm_o", 31 0;
v000001d739317070_0 .net "rst_n", 0 0, o000001d7392b9878;  alias, 0 drivers
S_000001d738ed2e80 .scope module, "IFID" "IFID" 2 259, 3 1 0, S_000001d738ea28f0;
 .timescale 0 0;
    .port_info 0 /INPUT 1 "clk";
    .port_info 1 /INPUT 1 "rst_n";
    .port_info 2 /INPUT 1 "Stall";
    .port_info 3 /INPUT 1 "Flush";
    .port_info 4 /INPUT 32 "instr_i";
    .port_info 5 /INPUT 32 "PC_i";
    .port_info 6 /OUTPUT 32 "instr_o";
    .port_info 7 /OUTPUT 32 "PC_o";
v000001d739317570_0 .net "Flush", 0 0, L_000001d739388da0;  1 drivers
v000001d7393172f0_0 .net "PC_i", 31 0, v000001d739320190_0;  1 drivers
v000001d7393185b0_0 .var "PC_o", 31 0;
v000001d739318c90_0 .net "Stall", 0 0, L_000001d7392b4a90;  alias, 1 drivers
v000001d7393188d0_0 .net "clk", 0 0, o000001d7392b9848;  alias, 0 drivers
v000001d7393171b0_0 .net "instr_i", 31 0, v000001d739329e20_0;  1 drivers
v000001d7393180b0_0 .var "instr_o", 31 0;
v000001d7393176b0_0 .net "rst_n", 0 0, o000001d7392b9878;  alias, 0 drivers
S_000001d738eaf800 .scope module, "MEMWB" "MEMWB" 2 341, 3 213 0, S_000001d738ea28f0;
 .timescale 0 0;
    .port_info 0 /INPUT 1 "clk";
    .port_info 1 /INPUT 1 "rst_n";
    .port_info 2 /INPUT 1 "Stall";
    .port_info 3 /INPUT 32 "PC_i";
    .port_info 4 /INPUT 1 "Jalr_i";
    .port_info 5 /INPUT 1 "Jal_i";
    .port_info 6 /INPUT 1 "RegWrite_i";
    .port_info 7 /INPUT 1 "MemtoReg_i";
    .port_info 8 /INPUT 32 "ALUResult_i";
    .port_info 9 /INPUT 32 "MemData_i";
    .port_info 10 /INPUT 5 "RDaddr_i";
    .port_info 11 /OUTPUT 32 "PC_o";
    .port_info 12 /OUTPUT 1 "Jalr_o";
    .port_info 13 /OUTPUT 1 "Jal_o";
    .port_info 14 /OUTPUT 1 "RegWrite_o";
    .port_info 15 /OUTPUT 1 "MemtoReg_o";
    .port_info 16 /OUTPUT 32 "ALUResult_o";
    .port_info 17 /OUTPUT 32 "MemData_o";
    .port_info 18 /OUTPUT 5 "RDaddr_o";
v000001d739318510_0 .net "ALUResult_i", 31 0, v000001d7392aa020_0;  alias, 1 drivers
v000001d739318ab0_0 .var "ALUResult_o", 31 0;
v000001d7393181f0_0 .net "Jal_i", 0 0, v000001d7392ab880_0;  alias, 1 drivers
v000001d739318bf0_0 .var "Jal_o", 0 0;
v000001d7393183d0_0 .net "Jalr_i", 0 0, v000001d7392ab920_0;  alias, 1 drivers
v000001d739318d30_0 .var "Jalr_o", 0 0;
v000001d739318290_0 .net "MemData_i", 31 0, L_000001d73932ad20;  alias, 1 drivers
v000001d739318e70_0 .var "MemData_o", 31 0;
v000001d739318f10_0 .net "MemtoReg_i", 0 0, v000001d7392aa340_0;  alias, 1 drivers
v000001d739318dd0_0 .var "MemtoReg_o", 0 0;
v000001d739318330_0 .net "PC_i", 31 0, v000001d7392ab9c0_0;  alias, 1 drivers
v000001d739317110_0 .var "PC_o", 31 0;
v000001d739317750_0 .net "RDaddr_i", 4 0, v000001d7392aa200_0;  alias, 1 drivers
v000001d7393186f0_0 .var "RDaddr_o", 4 0;
v000001d739317390_0 .net "RegWrite_i", 0 0, v000001d7392aae80_0;  alias, 1 drivers
v000001d739317250_0 .var "RegWrite_o", 0 0;
v000001d7393177f0_0 .net "Stall", 0 0, L_000001d7392b4ef0;  alias, 1 drivers
v000001d739317890_0 .net "clk", 0 0, o000001d7392b9848;  alias, 0 drivers
v000001d7393179d0_0 .net "rst_n", 0 0, o000001d7392b9878;  alias, 0 drivers
S_000001d738eaf990 .scope module, "alu" "alu" 2 199, 6 17 0, S_000001d738ea28f0;
 .timescale 0 0;
    .port_info 0 /INPUT 4 "ALUCtrl_i";
    .port_info 1 /INPUT 32 "data1_i";
    .port_info 2 /INPUT 32 "data2_i";
    .port_info 3 /OUTPUT 1 "zero_o";
    .port_info 4 /OUTPUT 32 "data_o";
v000001d739317e30_0 .net "ALUCtrl_i", 3 0, L_000001d7393868b0;  alias, 1 drivers
v000001d739317930_0 .var "add_result", 31 0;
v000001d739317a70_0 .var "and_result", 31 0;
v000001d739318470_0 .net "data1_i", 31 0, L_000001d739329ce0;  alias, 1 drivers
v000001d739317b10_0 .net "data2_i", 31 0, L_000001d73932af00;  alias, 1 drivers
v000001d739317bb0_0 .var "data_o", 31 0;
v000001d739317c50_0 .var "or_result", 31 0;
v000001d739318650_0 .var "sll_result", 31 0;
v000001d739319080_0 .var "sra_result", 31 0;
v000001d739319da0_0 .var "srl_result", 31 0;
v000001d73931a980_0 .var "sub_result", 31 0;
v000001d73931af20_0 .var "xor_result", 31 0;
v000001d73931ac00_0 .var "zero_o", 0 0;
E_000001d73928bdc0/0 .event anyedge, v000001d739317e30_0, v000001d739317930_0, v000001d73931a980_0, v000001d739317a70_0;
E_000001d73928bdc0/1 .event anyedge, v000001d739317c50_0, v000001d73931af20_0, v000001d739318650_0, v000001d739319da0_0;
E_000001d73928bdc0/2 .event anyedge, v000001d739319080_0;
E_000001d73928bdc0 .event/or E_000001d73928bdc0/0, E_000001d73928bdc0/1, E_000001d73928bdc0/2;
E_000001d73928be00 .event anyedge, v000001d739318470_0, v000001d739317b10_0;
S_000001d738eb1da0 .scope module, "alu_control" "alu_control" 2 192, 7 20 0, S_000001d738ea28f0;
 .timescale 0 0;
    .port_info 0 /INPUT 1 "Funct7_i";
    .port_info 1 /INPUT 3 "Funct3_i";
    .port_info 2 /INPUT 2 "ALUOp_i";
    .port_info 3 /OUTPUT 4 "ALUCtrl_o";
L_000001d73932d0a8 .functor BUFT 1, C4<1>, C4<0>, C4<0>, C4<0>;
L_000001d7392b4860 .functor XNOR 1, L_000001d739385370, L_000001d73932d0a8, C4<0>, C4<0>;
L_000001d7392b4780 .functor AND 1, L_000001d7392b4860, L_000001d7393850f0, C4<1>, C4<1>;
L_000001d7392b4da0 .functor AND 1, L_000001d7392b4780, L_000001d739385550, C4<1>, C4<1>;
L_000001d73932d180 .functor BUFT 1, C4<0>, C4<0>, C4<0>, C4<0>;
L_000001d7392b42b0 .functor XNOR 1, L_000001d739385c30, L_000001d73932d180, C4<0>, C4<0>;
L_000001d7392b48d0 .functor AND 1, L_000001d7392b42b0, L_000001d7393852d0, C4<1>, C4<1>;
L_000001d7392b4d30 .functor OR 1, L_000001d739387030, L_000001d739386bd0, C4<0>, C4<0>;
L_000001d7392b4320 .functor AND 1, L_000001d739385d70, L_000001d7392b4d30, C4<1>, C4<1>;
L_000001d7392b4940 .functor AND 1, L_000001d739386090, L_000001d7393855f0, C4<1>, C4<1>;
L_000001d73932d450 .functor BUFT 1, C4<0>, C4<0>, C4<0>, C4<0>;
L_000001d7392b4c50 .functor XNOR 1, L_000001d739385370, L_000001d73932d450, C4<0>, C4<0>;
L_000001d7392b4a20 .functor AND 1, L_000001d7392b4c50, L_000001d739386130, C4<1>, C4<1>;
L_000001d73932d4e0 .functor BUFT 1, C4<1>, C4<0>, C4<0>, C4<0>;
L_000001d7392b4cc0 .functor XNOR 1, L_000001d739385370, L_000001d73932d4e0, C4<0>, C4<0>;
L_000001d7392b49b0 .functor AND 1, L_000001d7392b4cc0, L_000001d739386e50, C4<1>, C4<1>;
L_000001d73932d570 .functor BUFT 1, C4<1>, C4<0>, C4<0>, C4<0>;
L_000001d7392b4390 .functor XNOR 1, L_000001d739385230, L_000001d73932d570, C4<0>, C4<0>;
L_000001d7392b4470 .functor AND 1, L_000001d7392b4390, L_000001d7393861d0, C4<1>, C4<1>;
L_000001d7392b4e10 .functor OR 1, L_000001d739386b30, L_000001d7392b48d0, C4<0>, C4<0>;
v000001d73931a5c0_0 .net "ALUCtrl_o", 3 0, L_000001d7393868b0;  alias, 1 drivers
v000001d73931a160_0 .net "ALUOp_i", 1 0, v000001d739315380_0;  alias, 1 drivers
v000001d73931a0c0_0 .net "Funct3_i", 2 0, L_000001d739386ef0;  1 drivers
v000001d739319ee0_0 .net "Funct7_i", 0 0, L_000001d739385370;  1 drivers
v000001d73931a200_0 .net/2u *"_ivl_0", 0 0, L_000001d73932d0a8;  1 drivers
L_000001d73932d138 .functor BUFT 1, C4<00>, C4<0>, C4<0>, C4<0>;
v000001d739319300_0 .net/2u *"_ivl_10", 1 0, L_000001d73932d138;  1 drivers
L_000001d73932d600 .functor BUFT 1, C4<0101>, C4<0>, C4<0>, C4<0>;
v000001d739319e40_0 .net/2u *"_ivl_100", 3 0, L_000001d73932d600;  1 drivers
L_000001d73932d648 .functor BUFT 1, C4<0010>, C4<0>, C4<0>, C4<0>;
v000001d73931a2a0_0 .net/2u *"_ivl_102", 3 0, L_000001d73932d648;  1 drivers
L_000001d73932d690 .functor BUFT 1, C4<0011>, C4<0>, C4<0>, C4<0>;
v000001d739319940_0 .net/2u *"_ivl_104", 3 0, L_000001d73932d690;  1 drivers
L_000001d73932d6d8 .functor BUFT 1, C4<0100>, C4<0>, C4<0>, C4<0>;
v000001d73931aca0_0 .net/2u *"_ivl_106", 3 0, L_000001d73932d6d8;  1 drivers
L_000001d73932d720 .functor BUFT 1, C4<0001>, C4<0>, C4<0>, C4<0>;
v000001d739319f80_0 .net/2u *"_ivl_108", 3 0, L_000001d73932d720;  1 drivers
L_000001d73932d768 .functor BUFT 1, C4<0110>, C4<0>, C4<0>, C4<0>;
v000001d7393196c0_0 .net/2u *"_ivl_110", 3 0, L_000001d73932d768;  1 drivers
L_000001d73932d7b0 .functor BUFT 1, C4<0111>, C4<0>, C4<0>, C4<0>;
v000001d739319d00_0 .net/2u *"_ivl_112", 3 0, L_000001d73932d7b0;  1 drivers
L_000001d73932d7f8 .functor BUFT 1, C4<1000>, C4<0>, C4<0>, C4<0>;
v000001d739319760_0 .net/2u *"_ivl_114", 3 0, L_000001d73932d7f8;  1 drivers
L_000001d73932d840 .functor BUFT 1, C4<1001>, C4<0>, C4<0>, C4<0>;
v000001d7393193a0_0 .net/2u *"_ivl_116", 3 0, L_000001d73932d840;  1 drivers
L_000001d73932d888 .functor BUFT 1, C4<0000>, C4<0>, C4<0>, C4<0>;
v000001d73931ae80_0 .net/2u *"_ivl_118", 3 0, L_000001d73932d888;  1 drivers
v000001d73931a520_0 .net *"_ivl_12", 0 0, L_000001d739385550;  1 drivers
v000001d73931a660_0 .net *"_ivl_120", 3 0, L_000001d7393870d0;  1 drivers
v000001d73931ade0_0 .net *"_ivl_122", 3 0, L_000001d739386770;  1 drivers
v000001d73931a020_0 .net *"_ivl_124", 3 0, L_000001d7393857d0;  1 drivers
v000001d7393198a0_0 .net *"_ivl_126", 3 0, L_000001d739386810;  1 drivers
v000001d739319c60_0 .net *"_ivl_128", 3 0, L_000001d739386d10;  1 drivers
v000001d7393199e0_0 .net *"_ivl_130", 3 0, L_000001d739386270;  1 drivers
v000001d739319a80_0 .net *"_ivl_132", 3 0, L_000001d7393863b0;  1 drivers
v000001d739319b20_0 .net *"_ivl_134", 3 0, L_000001d739387490;  1 drivers
v000001d73931a340_0 .net *"_ivl_17", 0 0, L_000001d739385c30;  1 drivers
v000001d739319800_0 .net/2u *"_ivl_18", 0 0, L_000001d73932d180;  1 drivers
v000001d739319bc0_0 .net *"_ivl_2", 0 0, L_000001d7392b4860;  1 drivers
v000001d73931a3e0_0 .net *"_ivl_20", 0 0, L_000001d7392b42b0;  1 drivers
L_000001d73932d1c8 .functor BUFT 1, C4<10>, C4<0>, C4<0>, C4<0>;
v000001d739319580_0 .net/2u *"_ivl_22", 1 0, L_000001d73932d1c8;  1 drivers
v000001d73931ab60_0 .net *"_ivl_24", 0 0, L_000001d7393852d0;  1 drivers
L_000001d73932d210 .functor BUFT 1, C4<111>, C4<0>, C4<0>, C4<0>;
v000001d73931a8e0_0 .net/2u *"_ivl_28", 2 0, L_000001d73932d210;  1 drivers
L_000001d73932d258 .functor BUFT 1, C4<110>, C4<0>, C4<0>, C4<0>;
v000001d73931a480_0 .net/2u *"_ivl_32", 2 0, L_000001d73932d258;  1 drivers
L_000001d73932d2a0 .functor BUFT 1, C4<010>, C4<0>, C4<0>, C4<0>;
v000001d73931a700_0 .net/2u *"_ivl_36", 2 0, L_000001d73932d2a0;  1 drivers
v000001d73931aa20_0 .net *"_ivl_38", 0 0, L_000001d739385d70;  1 drivers
L_000001d73932d0f0 .functor BUFT 1, C4<000>, C4<0>, C4<0>, C4<0>;
v000001d739319620_0 .net/2u *"_ivl_4", 2 0, L_000001d73932d0f0;  1 drivers
L_000001d73932d2e8 .functor BUFT 1, C4<00>, C4<0>, C4<0>, C4<0>;
v000001d739319440_0 .net/2u *"_ivl_40", 1 0, L_000001d73932d2e8;  1 drivers
v000001d73931a7a0_0 .net *"_ivl_42", 0 0, L_000001d739387030;  1 drivers
L_000001d73932d330 .functor BUFT 1, C4<01>, C4<0>, C4<0>, C4<0>;
v000001d73931a840_0 .net/2u *"_ivl_44", 1 0, L_000001d73932d330;  1 drivers
v000001d73931aac0_0 .net *"_ivl_46", 0 0, L_000001d739386bd0;  1 drivers
v000001d73931ad40_0 .net *"_ivl_49", 0 0, L_000001d7392b4d30;  1 drivers
L_000001d73932d378 .functor BUFT 1, C4<100>, C4<0>, C4<0>, C4<0>;
v000001d739319120_0 .net/2u *"_ivl_52", 2 0, L_000001d73932d378;  1 drivers
L_000001d73932d3c0 .functor BUFT 1, C4<001>, C4<0>, C4<0>, C4<0>;
v000001d7393191c0_0 .net/2u *"_ivl_56", 2 0, L_000001d73932d3c0;  1 drivers
v000001d739319260_0 .net *"_ivl_58", 0 0, L_000001d739386090;  1 drivers
v000001d7393194e0_0 .net *"_ivl_6", 0 0, L_000001d7393850f0;  1 drivers
L_000001d73932d408 .functor BUFT 1, C4<01>, C4<0>, C4<0>, C4<0>;
v000001d73931e0c0_0 .net/2u *"_ivl_60", 1 0, L_000001d73932d408;  1 drivers
v000001d73931db20_0 .net *"_ivl_62", 0 0, L_000001d7393855f0;  1 drivers
v000001d73931d9e0_0 .net/2u *"_ivl_66", 0 0, L_000001d73932d450;  1 drivers
v000001d73931dc60_0 .net *"_ivl_68", 0 0, L_000001d7392b4c50;  1 drivers
L_000001d73932d498 .functor BUFT 1, C4<101>, C4<0>, C4<0>, C4<0>;
v000001d73931e7a0_0 .net/2u *"_ivl_70", 2 0, L_000001d73932d498;  1 drivers
v000001d73931ec00_0 .net *"_ivl_72", 0 0, L_000001d739386130;  1 drivers
v000001d73931eac0_0 .net/2u *"_ivl_76", 0 0, L_000001d73932d4e0;  1 drivers
v000001d73931e980_0 .net *"_ivl_78", 0 0, L_000001d7392b4cc0;  1 drivers
v000001d73931d8a0_0 .net *"_ivl_8", 0 0, L_000001d7392b4780;  1 drivers
L_000001d73932d528 .functor BUFT 1, C4<101>, C4<0>, C4<0>, C4<0>;
v000001d73931ef20_0 .net/2u *"_ivl_80", 2 0, L_000001d73932d528;  1 drivers
v000001d73931e3e0_0 .net *"_ivl_82", 0 0, L_000001d739386e50;  1 drivers
v000001d73931de40_0 .net *"_ivl_87", 0 0, L_000001d739385230;  1 drivers
v000001d73931dda0_0 .net/2u *"_ivl_88", 0 0, L_000001d73932d570;  1 drivers
v000001d73931eb60_0 .net *"_ivl_90", 0 0, L_000001d7392b4390;  1 drivers
L_000001d73932d5b8 .functor BUFT 1, C4<10>, C4<0>, C4<0>, C4<0>;
v000001d73931eca0_0 .net/2u *"_ivl_92", 1 0, L_000001d73932d5b8;  1 drivers
v000001d73931dee0_0 .net *"_ivl_94", 0 0, L_000001d7393861d0;  1 drivers
v000001d73931e160_0 .net *"_ivl_99", 0 0, L_000001d7392b4e10;  1 drivers
v000001d73931ede0_0 .net "isAND", 0 0, L_000001d739387210;  1 drivers
v000001d73931ed40_0 .net "isBEQ", 0 0, L_000001d7392b48d0;  1 drivers
v000001d73931dd00_0 .net "isBNE", 0 0, L_000001d7392b4470;  1 drivers
v000001d73931ee80_0 .net "isOR", 0 0, L_000001d739385ff0;  1 drivers
v000001d73931e340_0 .net "isSLL", 0 0, L_000001d7392b4940;  1 drivers
v000001d73931dbc0_0 .net "isSLT", 0 0, L_000001d7392b4320;  1 drivers
v000001d73931da80_0 .net "isSRA", 0 0, L_000001d7392b49b0;  1 drivers
v000001d73931e8e0_0 .net "isSRL", 0 0, L_000001d7392b4a20;  1 drivers
v000001d73931e840_0 .net "isSUB", 0 0, L_000001d7392b4da0;  1 drivers
v000001d73931e200_0 .net "isXOR", 0 0, L_000001d739386b30;  1 drivers
L_000001d7393850f0 .cmp/eq 3, L_000001d739386ef0, L_000001d73932d0f0;
L_000001d739385550 .cmp/eq 2, v000001d739315380_0, L_000001d73932d138;
L_000001d739385c30 .part L_000001d739386ef0, 0, 1;
L_000001d7393852d0 .cmp/eq 2, v000001d739315380_0, L_000001d73932d1c8;
L_000001d739387210 .cmp/eq 3, L_000001d739386ef0, L_000001d73932d210;
L_000001d739385ff0 .cmp/eq 3, L_000001d739386ef0, L_000001d73932d258;
L_000001d739385d70 .cmp/eq 3, L_000001d739386ef0, L_000001d73932d2a0;
L_000001d739387030 .cmp/eq 2, v000001d739315380_0, L_000001d73932d2e8;
L_000001d739386bd0 .cmp/eq 2, v000001d739315380_0, L_000001d73932d330;
L_000001d739386b30 .cmp/eq 3, L_000001d739386ef0, L_000001d73932d378;
L_000001d739386090 .cmp/eq 3, L_000001d739386ef0, L_000001d73932d3c0;
L_000001d7393855f0 .cmp/eq 2, v000001d739315380_0, L_000001d73932d408;
L_000001d739386130 .cmp/eq 3, L_000001d739386ef0, L_000001d73932d498;
L_000001d739386e50 .cmp/eq 3, L_000001d739386ef0, L_000001d73932d528;
L_000001d739385230 .part L_000001d739386ef0, 0, 1;
L_000001d7393861d0 .cmp/eq 2, v000001d739315380_0, L_000001d73932d5b8;
L_000001d7393870d0 .functor MUXZ 4, L_000001d73932d888, L_000001d73932d840, L_000001d7392b4470, C4<>;
L_000001d739386770 .functor MUXZ 4, L_000001d7393870d0, L_000001d73932d7f8, L_000001d7392b49b0, C4<>;
L_000001d7393857d0 .functor MUXZ 4, L_000001d739386770, L_000001d73932d7b0, L_000001d7392b4a20, C4<>;
L_000001d739386810 .functor MUXZ 4, L_000001d7393857d0, L_000001d73932d768, L_000001d7392b4940, C4<>;
L_000001d739386d10 .functor MUXZ 4, L_000001d739386810, L_000001d73932d720, L_000001d7392b4da0, C4<>;
L_000001d739386270 .functor MUXZ 4, L_000001d739386d10, L_000001d73932d6d8, L_000001d7392b4320, C4<>;
L_000001d7393863b0 .functor MUXZ 4, L_000001d739386270, L_000001d73932d690, L_000001d739385ff0, C4<>;
L_000001d739387490 .functor MUXZ 4, L_000001d7393863b0, L_000001d73932d648, L_000001d739387210, C4<>;
L_000001d7393868b0 .functor MUXZ 4, L_000001d739387490, L_000001d73932d600, L_000001d7392b4e10, C4<>;
S_000001d738eb1f30 .scope module, "control" "control" 2 207, 8 7 0, S_000001d738ea28f0;
 .timescale 0 0;
    .port_info 0 /INPUT 7 "Opcode_i";
    .port_info 1 /OUTPUT 1 "Jalr_o";
    .port_info 2 /OUTPUT 1 "Jal_o";
    .port_info 3 /OUTPUT 1 "Branch_o";
    .port_info 4 /OUTPUT 1 "MemtoReg_o";
    .port_info 5 /OUTPUT 2 "ALUOp_o";
    .port_info 6 /OUTPUT 1 "MemWrite_o";
    .port_info 7 /OUTPUT 1 "MemRead_o";
    .port_info 8 /OUTPUT 1 "ALUSrc_o";
    .port_info 9 /OUTPUT 1 "RegWrite_o";
L_000001d73932d8d0 .functor BUFT 1, C4<1>, C4<0>, C4<0>, C4<0>;
L_000001d7392b4080 .functor XNOR 1, L_000001d739386450, L_000001d73932d8d0, C4<0>, C4<0>;
L_000001d73932d918 .functor BUFT 1, C4<0>, C4<0>, C4<0>, C4<0>;
L_000001d7392b40f0 .functor XNOR 1, L_000001d739385690, L_000001d73932d918, C4<0>, C4<0>;
L_000001d7392b4550 .functor AND 1, L_000001d7392b4080, L_000001d7392b40f0, C4<1>, C4<1>;
L_000001d73932d9f0 .functor BUFT 1, C4<1>, C4<0>, C4<0>, C4<0>;
L_000001d73928fb90 .functor XNOR 1, L_000001d7393864f0, L_000001d73932d9f0, C4<0>, C4<0>;
L_000001d73932da38 .functor BUFT 1, C4<1>, C4<0>, C4<0>, C4<0>;
L_000001d73928fc00 .functor XNOR 1, L_000001d739385730, L_000001d73932da38, C4<0>, C4<0>;
L_000001d73928fc70 .functor AND 1, L_000001d73928fb90, L_000001d73928fc00, C4<1>, C4<1>;
L_000001d73928f490 .functor OR 1, L_000001d739385a50, L_000001d739385af0, C4<0>, C4<0>;
L_000001d73928ff80 .functor OR 1, L_000001d739384fb0, L_000001d739387350, C4<0>, C4<0>;
L_000001d73932e0b0 .functor BUFT 1, C4<1>, C4<0>, C4<0>, C4<0>;
L_000001d73928f1f0 .functor XNOR 1, L_000001d7393873f0, L_000001d73932e0b0, C4<0>, C4<0>;
L_000001d73932e0f8 .functor BUFT 1, C4<1>, C4<0>, C4<0>, C4<0>;
L_000001d73928f260 .functor XNOR 1, L_000001d739384dd0, L_000001d73932e0f8, C4<0>, C4<0>;
L_000001d739389970 .functor AND 1, L_000001d73928f1f0, L_000001d73928f260, C4<1>, C4<1>;
L_000001d73932e188 .functor BUFT 1, C4<0>, C4<0>, C4<0>, C4<0>;
L_000001d739389120 .functor XNOR 1, L_000001d739385050, L_000001d73932e188, C4<0>, C4<0>;
L_000001d73932e1d0 .functor BUFT 1, C4<1>, C4<0>, C4<0>, C4<0>;
L_000001d739388d30 .functor XNOR 1, L_000001d739384e70, L_000001d73932e1d0, C4<0>, C4<0>;
L_000001d739389890 .functor AND 1, L_000001d739389120, L_000001d739388d30, C4<1>, C4<1>;
L_000001d73932e260 .functor BUFT 1, C4<1>, C4<0>, C4<0>, C4<0>;
L_000001d739389510 .functor XNOR 1, L_000001d739384f10, L_000001d73932e260, C4<0>, C4<0>;
L_000001d73932e2a8 .functor BUFT 1, C4<0>, C4<0>, C4<0>, C4<0>;
L_000001d739389200 .functor XNOR 1, L_000001d739387f30, L_000001d73932e2a8, C4<0>, C4<0>;
L_000001d739389270 .functor AND 1, L_000001d739389510, L_000001d739389200, C4<1>, C4<1>;
v000001d73931e480_0 .net "ALUOp_o", 1 0, L_000001d739387fd0;  alias, 1 drivers
v000001d73931e5c0_0 .net "ALUSrc_o", 0 0, L_000001d739386a90;  alias, 1 drivers
v000001d73931d940_0 .net "Branch_o", 0 0, L_000001d7393872b0;  alias, 1 drivers
v000001d73931df80_0 .net "Jal_o", 0 0, L_000001d739386950;  alias, 1 drivers
v000001d73931e020_0 .net "Jalr_o", 0 0, L_000001d739386f90;  alias, 1 drivers
v000001d73931e2a0_0 .net "MemRead_o", 0 0, L_000001d739385910;  alias, 1 drivers
v000001d73931e520_0 .net "MemWrite_o", 0 0, L_000001d739386630;  alias, 1 drivers
v000001d73931e660_0 .net "MemtoReg_o", 0 0, L_000001d739384d30;  alias, 1 drivers
v000001d73931e700_0 .net "Opcode_i", 6 0, L_000001d739388390;  1 drivers
v000001d73931ea20_0 .net "RegWrite_o", 0 0, L_000001d7393869f0;  alias, 1 drivers
v000001d73931c0e0_0 .net *"_ivl_1", 0 0, L_000001d739386450;  1 drivers
v000001d73931c220_0 .net *"_ivl_10", 0 0, L_000001d7392b40f0;  1 drivers
L_000001d73932dfd8 .functor BUFT 1, C4<1100011>, C4<0>, C4<0>, C4<0>;
v000001d73931d080_0 .net/2u *"_ivl_100", 6 0, L_000001d73932dfd8;  1 drivers
v000001d73931cae0_0 .net *"_ivl_102", 0 0, L_000001d739387350;  1 drivers
v000001d73931d4e0_0 .net *"_ivl_104", 0 0, L_000001d73928ff80;  1 drivers
L_000001d73932e020 .functor BUFT 1, C4<0>, C4<0>, C4<0>, C4<0>;
v000001d73931b500_0 .net/2u *"_ivl_106", 0 0, L_000001d73932e020;  1 drivers
L_000001d73932e068 .functor BUFT 1, C4<1>, C4<0>, C4<0>, C4<0>;
v000001d73931b5a0_0 .net/2u *"_ivl_108", 0 0, L_000001d73932e068;  1 drivers
v000001d73931c040_0 .net *"_ivl_113", 0 0, L_000001d7393873f0;  1 drivers
v000001d73931b8c0_0 .net/2u *"_ivl_114", 0 0, L_000001d73932e0b0;  1 drivers
v000001d73931b320_0 .net *"_ivl_116", 0 0, L_000001d73928f1f0;  1 drivers
v000001d73931d120_0 .net *"_ivl_119", 0 0, L_000001d739384dd0;  1 drivers
v000001d73931c400_0 .net/2u *"_ivl_120", 0 0, L_000001d73932e0f8;  1 drivers
v000001d73931b3c0_0 .net *"_ivl_122", 0 0, L_000001d73928f260;  1 drivers
v000001d73931b460_0 .net *"_ivl_125", 0 0, L_000001d739389970;  1 drivers
L_000001d73932e140 .functor BUFT 1, C4<00>, C4<0>, C4<0>, C4<0>;
v000001d73931d580_0 .net/2u *"_ivl_126", 1 0, L_000001d73932e140;  1 drivers
v000001d73931c2c0_0 .net *"_ivl_129", 0 0, L_000001d739385050;  1 drivers
v000001d73931baa0_0 .net *"_ivl_13", 0 0, L_000001d7392b4550;  1 drivers
v000001d73931c540_0 .net/2u *"_ivl_130", 0 0, L_000001d73932e188;  1 drivers
v000001d73931d300_0 .net *"_ivl_132", 0 0, L_000001d739389120;  1 drivers
v000001d73931bfa0_0 .net *"_ivl_135", 0 0, L_000001d739384e70;  1 drivers
v000001d73931b780_0 .net/2u *"_ivl_136", 0 0, L_000001d73932e1d0;  1 drivers
v000001d73931cf40_0 .net *"_ivl_138", 0 0, L_000001d739388d30;  1 drivers
L_000001d73932d960 .functor BUFT 1, C4<1>, C4<0>, C4<0>, C4<0>;
v000001d73931c5e0_0 .net/2u *"_ivl_14", 0 0, L_000001d73932d960;  1 drivers
v000001d73931b960_0 .net *"_ivl_141", 0 0, L_000001d739389890;  1 drivers
L_000001d73932e218 .functor BUFT 1, C4<01>, C4<0>, C4<0>, C4<0>;
v000001d73931cb80_0 .net/2u *"_ivl_142", 1 0, L_000001d73932e218;  1 drivers
v000001d73931bdc0_0 .net *"_ivl_145", 0 0, L_000001d739384f10;  1 drivers
v000001d73931d1c0_0 .net/2u *"_ivl_146", 0 0, L_000001d73932e260;  1 drivers
v000001d73931c180_0 .net *"_ivl_148", 0 0, L_000001d739389510;  1 drivers
v000001d73931cfe0_0 .net *"_ivl_151", 0 0, L_000001d739387f30;  1 drivers
v000001d73931bd20_0 .net/2u *"_ivl_152", 0 0, L_000001d73932e2a8;  1 drivers
v000001d73931c680_0 .net *"_ivl_154", 0 0, L_000001d739389200;  1 drivers
v000001d73931d260_0 .net *"_ivl_157", 0 0, L_000001d739389270;  1 drivers
L_000001d73932e2f0 .functor BUFT 1, C4<10>, C4<0>, C4<0>, C4<0>;
v000001d73931b820_0 .net/2u *"_ivl_158", 1 0, L_000001d73932e2f0;  1 drivers
L_000001d73932d9a8 .functor BUFT 1, C4<0>, C4<0>, C4<0>, C4<0>;
v000001d73931b640_0 .net/2u *"_ivl_16", 0 0, L_000001d73932d9a8;  1 drivers
L_000001d73932e338 .functor BUFT 1, C4<11>, C4<0>, C4<0>, C4<0>;
v000001d73931b6e0_0 .net/2u *"_ivl_160", 1 0, L_000001d73932e338;  1 drivers
v000001d73931ba00_0 .net *"_ivl_162", 1 0, L_000001d739388a70;  1 drivers
v000001d73931bb40_0 .net *"_ivl_164", 1 0, L_000001d739388b10;  1 drivers
v000001d73931c7c0_0 .net/2u *"_ivl_2", 0 0, L_000001d73932d8d0;  1 drivers
v000001d73931d3a0_0 .net *"_ivl_21", 0 0, L_000001d7393864f0;  1 drivers
v000001d73931cc20_0 .net/2u *"_ivl_22", 0 0, L_000001d73932d9f0;  1 drivers
v000001d73931c900_0 .net *"_ivl_24", 0 0, L_000001d73928fb90;  1 drivers
v000001d73931bf00_0 .net *"_ivl_27", 0 0, L_000001d739385730;  1 drivers
v000001d73931bbe0_0 .net/2u *"_ivl_28", 0 0, L_000001d73932da38;  1 drivers
v000001d73931b0a0_0 .net *"_ivl_30", 0 0, L_000001d73928fc00;  1 drivers
v000001d73931bc80_0 .net *"_ivl_33", 0 0, L_000001d73928fc70;  1 drivers
L_000001d73932da80 .functor BUFT 1, C4<1>, C4<0>, C4<0>, C4<0>;
v000001d73931ccc0_0 .net/2u *"_ivl_34", 0 0, L_000001d73932da80;  1 drivers
L_000001d73932dac8 .functor BUFT 1, C4<0>, C4<0>, C4<0>, C4<0>;
v000001d73931d440_0 .net/2u *"_ivl_36", 0 0, L_000001d73932dac8;  1 drivers
v000001d73931cd60_0 .net *"_ivl_4", 0 0, L_000001d7392b4080;  1 drivers
L_000001d73932db10 .functor BUFT 1, C4<1100011>, C4<0>, C4<0>, C4<0>;
v000001d73931ce00_0 .net/2u *"_ivl_40", 6 0, L_000001d73932db10;  1 drivers
v000001d73931be60_0 .net *"_ivl_42", 0 0, L_000001d739387170;  1 drivers
L_000001d73932db58 .functor BUFT 1, C4<1>, C4<0>, C4<0>, C4<0>;
v000001d73931d6c0_0 .net/2u *"_ivl_44", 0 0, L_000001d73932db58;  1 drivers
L_000001d73932dba0 .functor BUFT 1, C4<0>, C4<0>, C4<0>, C4<0>;
v000001d73931c360_0 .net/2u *"_ivl_46", 0 0, L_000001d73932dba0;  1 drivers
L_000001d73932dbe8 .functor BUFT 1, C4<0000011>, C4<0>, C4<0>, C4<0>;
v000001d73931c4a0_0 .net/2u *"_ivl_50", 6 0, L_000001d73932dbe8;  1 drivers
v000001d73931c720_0 .net *"_ivl_52", 0 0, L_000001d739386590;  1 drivers
L_000001d73932dc30 .functor BUFT 1, C4<1>, C4<0>, C4<0>, C4<0>;
v000001d73931d620_0 .net/2u *"_ivl_54", 0 0, L_000001d73932dc30;  1 drivers
L_000001d73932dc78 .functor BUFT 1, C4<0>, C4<0>, C4<0>, C4<0>;
v000001d73931c860_0 .net/2u *"_ivl_56", 0 0, L_000001d73932dc78;  1 drivers
L_000001d73932dcc0 .functor BUFT 1, C4<0100011>, C4<0>, C4<0>, C4<0>;
v000001d73931d760_0 .net/2u *"_ivl_60", 6 0, L_000001d73932dcc0;  1 drivers
v000001d73931d800_0 .net *"_ivl_62", 0 0, L_000001d739385870;  1 drivers
L_000001d73932dd08 .functor BUFT 1, C4<1>, C4<0>, C4<0>, C4<0>;
v000001d73931b140_0 .net/2u *"_ivl_64", 0 0, L_000001d73932dd08;  1 drivers
L_000001d73932dd50 .functor BUFT 1, C4<0>, C4<0>, C4<0>, C4<0>;
v000001d73931cea0_0 .net/2u *"_ivl_66", 0 0, L_000001d73932dd50;  1 drivers
v000001d73931c9a0_0 .net *"_ivl_7", 0 0, L_000001d739385690;  1 drivers
L_000001d73932dd98 .functor BUFT 1, C4<0000011>, C4<0>, C4<0>, C4<0>;
v000001d73931ca40_0 .net/2u *"_ivl_70", 6 0, L_000001d73932dd98;  1 drivers
v000001d73931b1e0_0 .net *"_ivl_72", 0 0, L_000001d7393859b0;  1 drivers
L_000001d73932dde0 .functor BUFT 1, C4<1>, C4<0>, C4<0>, C4<0>;
v000001d73931b280_0 .net/2u *"_ivl_74", 0 0, L_000001d73932dde0;  1 drivers
L_000001d73932de28 .functor BUFT 1, C4<0>, C4<0>, C4<0>, C4<0>;
v000001d739322b70_0 .net/2u *"_ivl_76", 0 0, L_000001d73932de28;  1 drivers
v000001d739322530_0 .net/2u *"_ivl_8", 0 0, L_000001d73932d918;  1 drivers
L_000001d73932de70 .functor BUFT 1, C4<0100011>, C4<0>, C4<0>, C4<0>;
v000001d739322170_0 .net/2u *"_ivl_80", 6 0, L_000001d73932de70;  1 drivers
v000001d7393222b0_0 .net *"_ivl_82", 0 0, L_000001d739385a50;  1 drivers
L_000001d73932deb8 .functor BUFT 1, C4<1100011>, C4<0>, C4<0>, C4<0>;
v000001d739321b30_0 .net/2u *"_ivl_84", 6 0, L_000001d73932deb8;  1 drivers
v000001d739322c10_0 .net *"_ivl_86", 0 0, L_000001d739385af0;  1 drivers
v000001d739322a30_0 .net *"_ivl_88", 0 0, L_000001d73928f490;  1 drivers
L_000001d73932df00 .functor BUFT 1, C4<0>, C4<0>, C4<0>, C4<0>;
v000001d7393218b0_0 .net/2u *"_ivl_90", 0 0, L_000001d73932df00;  1 drivers
L_000001d73932df48 .functor BUFT 1, C4<1>, C4<0>, C4<0>, C4<0>;
v000001d739322cb0_0 .net/2u *"_ivl_92", 0 0, L_000001d73932df48;  1 drivers
L_000001d73932df90 .functor BUFT 1, C4<0110011>, C4<0>, C4<0>, C4<0>;
v000001d739322f30_0 .net/2u *"_ivl_96", 6 0, L_000001d73932df90;  1 drivers
v000001d739322ad0_0 .net *"_ivl_98", 0 0, L_000001d739384fb0;  1 drivers
L_000001d739386450 .part L_000001d739388390, 2, 1;
L_000001d739385690 .part L_000001d739388390, 3, 1;
L_000001d739386f90 .functor MUXZ 1, L_000001d73932d9a8, L_000001d73932d960, L_000001d7392b4550, C4<>;
L_000001d7393864f0 .part L_000001d739388390, 2, 1;
L_000001d739385730 .part L_000001d739388390, 3, 1;
L_000001d739386950 .functor MUXZ 1, L_000001d73932dac8, L_000001d73932da80, L_000001d73928fc70, C4<>;
L_000001d739387170 .cmp/eq 7, L_000001d739388390, L_000001d73932db10;
L_000001d7393872b0 .functor MUXZ 1, L_000001d73932dba0, L_000001d73932db58, L_000001d739387170, C4<>;
L_000001d739386590 .cmp/eq 7, L_000001d739388390, L_000001d73932dbe8;
L_000001d739384d30 .functor MUXZ 1, L_000001d73932dc78, L_000001d73932dc30, L_000001d739386590, C4<>;
L_000001d739385870 .cmp/eq 7, L_000001d739388390, L_000001d73932dcc0;
L_000001d739386630 .functor MUXZ 1, L_000001d73932dd50, L_000001d73932dd08, L_000001d739385870, C4<>;
L_000001d7393859b0 .cmp/eq 7, L_000001d739388390, L_000001d73932dd98;
L_000001d739385910 .functor MUXZ 1, L_000001d73932de28, L_000001d73932dde0, L_000001d7393859b0, C4<>;
L_000001d739385a50 .cmp/eq 7, L_000001d739388390, L_000001d73932de70;
L_000001d739385af0 .cmp/eq 7, L_000001d739388390, L_000001d73932deb8;
L_000001d7393869f0 .functor MUXZ 1, L_000001d73932df48, L_000001d73932df00, L_000001d73928f490, C4<>;
L_000001d739384fb0 .cmp/eq 7, L_000001d739388390, L_000001d73932df90;
L_000001d739387350 .cmp/eq 7, L_000001d739388390, L_000001d73932dfd8;
L_000001d739386a90 .functor MUXZ 1, L_000001d73932e068, L_000001d73932e020, L_000001d73928ff80, C4<>;
L_000001d7393873f0 .part L_000001d739388390, 5, 1;
L_000001d739384dd0 .part L_000001d739388390, 4, 1;
L_000001d739385050 .part L_000001d739388390, 5, 1;
L_000001d739384e70 .part L_000001d739388390, 4, 1;
L_000001d739384f10 .part L_000001d739388390, 6, 1;
L_000001d739387f30 .part L_000001d739388390, 2, 1;
L_000001d739388a70 .functor MUXZ 2, L_000001d73932e338, L_000001d73932e2f0, L_000001d739389270, C4<>;
L_000001d739388b10 .functor MUXZ 2, L_000001d739388a70, L_000001d73932e218, L_000001d739389890, C4<>;
L_000001d739387fd0 .functor MUXZ 2, L_000001d739388b10, L_000001d73932e140, L_000001d739389970, C4<>;
S_000001d738eccf30 .scope module, "immgen" "immgen" 2 220, 9 7 0, S_000001d738ea28f0;
 .timescale 0 0;
    .port_info 0 /INPUT 32 "instruction_i";
    .port_info 1 /OUTPUT 32 "immgen_o";
v000001d7393225d0_0 .var "immgen_o", 31 0;
v000001d739322d50_0 .net "instruction_i", 31 0, v000001d7393180b0_0;  alias, 1 drivers
E_000001d73928be40 .event anyedge, v000001d7393180b0_0;
S_000001d738ecd0c0 .scope module, "register_file" "register_file" 2 225, 10 8 0, S_000001d738ea28f0;
 .timescale 0 0;
    .port_info 0 /INPUT 1 "clk_i";
    .port_info 1 /INPUT 1 "rst_n_i";
    .port_info 2 /INPUT 1 "RegWrite_i";
    .port_info 3 /INPUT 5 "RD_address_i";
    .port_info 4 /INPUT 32 "RD_data_i";
    .port_info 5 /INPUT 5 "RS1_address_i";
    .port_info 6 /INPUT 5 "RS2_address_i";
    .port_info 7 /OUTPUT 32 "RS1_data_o";
    .port_info 8 /OUTPUT 32 "RS2_data_o";
v000001d739322670_0 .net "RD_address_i", 4 0, v000001d7393186f0_0;  alias, 1 drivers
v000001d739322df0_0 .net "RD_data_i", 31 0, L_000001d73932a500;  alias, 1 drivers
v000001d739321ef0_0 .net "RS1_address_i", 4 0, L_000001d739388bb0;  1 drivers
v000001d739322e90_0 .var "RS1_data_o", 31 0;
v000001d739322350_0 .net "RS2_address_i", 4 0, L_000001d739388070;  1 drivers
v000001d739322850_0 .var "RS2_data_o", 31 0;
v000001d739321c70_0 .net "RegWrite_i", 0 0, v000001d739317250_0;  alias, 1 drivers
v000001d739321db0_0 .net "clk_i", 0 0, o000001d7392b9848;  alias, 0 drivers
v000001d739321950_0 .var/i "i", 31 0;
v000001d7393219f0 .array "reg_r", 31 0, 31 0;
v000001d739322990_0 .net "rst_n_i", 0 0, o000001d7392b9878;  alias, 0 drivers
v000001d7393219f0_0 .array/port v000001d7393219f0, 0;
v000001d7393219f0_1 .array/port v000001d7393219f0, 1;
v000001d7393219f0_2 .array/port v000001d7393219f0, 2;
E_000001d73928b680/0 .event anyedge, v000001d739321ef0_0, v000001d7393219f0_0, v000001d7393219f0_1, v000001d7393219f0_2;
v000001d7393219f0_3 .array/port v000001d7393219f0, 3;
v000001d7393219f0_4 .array/port v000001d7393219f0, 4;
v000001d7393219f0_5 .array/port v000001d7393219f0, 5;
v000001d7393219f0_6 .array/port v000001d7393219f0, 6;
E_000001d73928b680/1 .event anyedge, v000001d7393219f0_3, v000001d7393219f0_4, v000001d7393219f0_5, v000001d7393219f0_6;
v000001d7393219f0_7 .array/port v000001d7393219f0, 7;
v000001d7393219f0_8 .array/port v000001d7393219f0, 8;
v000001d7393219f0_9 .array/port v000001d7393219f0, 9;
v000001d7393219f0_10 .array/port v000001d7393219f0, 10;
E_000001d73928b680/2 .event anyedge, v000001d7393219f0_7, v000001d7393219f0_8, v000001d7393219f0_9, v000001d7393219f0_10;
v000001d7393219f0_11 .array/port v000001d7393219f0, 11;
v000001d7393219f0_12 .array/port v000001d7393219f0, 12;
v000001d7393219f0_13 .array/port v000001d7393219f0, 13;
v000001d7393219f0_14 .array/port v000001d7393219f0, 14;
E_000001d73928b680/3 .event anyedge, v000001d7393219f0_11, v000001d7393219f0_12, v000001d7393219f0_13, v000001d7393219f0_14;
v000001d7393219f0_15 .array/port v000001d7393219f0, 15;
v000001d7393219f0_16 .array/port v000001d7393219f0, 16;
v000001d7393219f0_17 .array/port v000001d7393219f0, 17;
v000001d7393219f0_18 .array/port v000001d7393219f0, 18;
E_000001d73928b680/4 .event anyedge, v000001d7393219f0_15, v000001d7393219f0_16, v000001d7393219f0_17, v000001d7393219f0_18;
v000001d7393219f0_19 .array/port v000001d7393219f0, 19;
v000001d7393219f0_20 .array/port v000001d7393219f0, 20;
v000001d7393219f0_21 .array/port v000001d7393219f0, 21;
v000001d7393219f0_22 .array/port v000001d7393219f0, 22;
E_000001d73928b680/5 .event anyedge, v000001d7393219f0_19, v000001d7393219f0_20, v000001d7393219f0_21, v000001d7393219f0_22;
v000001d7393219f0_23 .array/port v000001d7393219f0, 23;
v000001d7393219f0_24 .array/port v000001d7393219f0, 24;
v000001d7393219f0_25 .array/port v000001d7393219f0, 25;
v000001d7393219f0_26 .array/port v000001d7393219f0, 26;
E_000001d73928b680/6 .event anyedge, v000001d7393219f0_23, v000001d7393219f0_24, v000001d7393219f0_25, v000001d7393219f0_26;
v000001d7393219f0_27 .array/port v000001d7393219f0, 27;
v000001d7393219f0_28 .array/port v000001d7393219f0, 28;
v000001d7393219f0_29 .array/port v000001d7393219f0, 29;
v000001d7393219f0_30 .array/port v000001d7393219f0, 30;
E_000001d73928b680/7 .event anyedge, v000001d7393219f0_27, v000001d7393219f0_28, v000001d7393219f0_29, v000001d7393219f0_30;
v000001d7393219f0_31 .array/port v000001d7393219f0, 31;
E_000001d73928b680/8 .event anyedge, v000001d7393219f0_31, v000001d739322350_0, v000001d7392aade0_0, v000001d7392abba0_0;
E_000001d73928b680/9 .event anyedge, v000001d739322df0_0;
E_000001d73928b680 .event/or E_000001d73928b680/0, E_000001d73928b680/1, E_000001d73928b680/2, E_000001d73928b680/3, E_000001d73928b680/4, E_000001d73928b680/5, E_000001d73928b680/6, E_000001d73928b680/7, E_000001d73928b680/8, E_000001d73928b680/9;
    .scope S_000001d738eaf990;
T_0 ;
    %wait E_000001d73928be00;
    %load/vec4 v000001d739318470_0;
    %load/vec4 v000001d739317b10_0;
    %add;
    %store/vec4 v000001d739317930_0, 0, 32;
    %load/vec4 v000001d739318470_0;
    %load/vec4 v000001d739317b10_0;
    %sub;
    %store/vec4 v000001d73931a980_0, 0, 32;
    %load/vec4 v000001d739318470_0;
    %load/vec4 v000001d739317b10_0;
    %and;
    %store/vec4 v000001d739317a70_0, 0, 32;
    %load/vec4 v000001d739318470_0;
    %load/vec4 v000001d739317b10_0;
    %or;
    %store/vec4 v000001d739317c50_0, 0, 32;
    %load/vec4 v000001d739318470_0;
    %load/vec4 v000001d739317b10_0;
    %xor;
    %store/vec4 v000001d73931af20_0, 0, 32;
    %load/vec4 v000001d739318470_0;
    %load/vec4 v000001d739317b10_0;
    %parti/s 5, 0, 2;
    %ix/vec4 4;
    %shiftl 4;
    %store/vec4 v000001d739318650_0, 0, 32;
    %load/vec4 v000001d739318470_0;
    %load/vec4 v000001d739317b10_0;
    %parti/s 5, 0, 2;
    %ix/vec4 4;
    %shiftr 4;
    %store/vec4 v000001d739319da0_0, 0, 32;
    %load/vec4 v000001d739318470_0;
    %load/vec4 v000001d739317b10_0;
    %parti/s 5, 0, 2;
    %ix/vec4 4;
    %shiftr/s 4;
    %store/vec4 v000001d739319080_0, 0, 32;
    %jmp T_0;
    .thread T_0, $push;
    .scope S_000001d738eaf990;
T_1 ;
    %wait E_000001d73928bdc0;
    %load/vec4 v000001d739317e30_0;
    %dup/vec4;
    %pushi/vec4 0, 0, 4;
    %cmp/u;
    %jmp/1 T_1.0, 6;
    %dup/vec4;
    %pushi/vec4 1, 0, 4;
    %cmp/u;
    %jmp/1 T_1.1, 6;
    %dup/vec4;
    %pushi/vec4 2, 0, 4;
    %cmp/u;
    %jmp/1 T_1.2, 6;
    %dup/vec4;
    %pushi/vec4 3, 0, 4;
    %cmp/u;
    %jmp/1 T_1.3, 6;
    %dup/vec4;
    %pushi/vec4 4, 0, 4;
    %cmp/u;
    %jmp/1 T_1.4, 6;
    %dup/vec4;
    %pushi/vec4 5, 0, 4;
    %cmp/u;
    %jmp/1 T_1.5, 6;
    %dup/vec4;
    %pushi/vec4 6, 0, 4;
    %cmp/u;
    %jmp/1 T_1.6, 6;
    %dup/vec4;
    %pushi/vec4 7, 0, 4;
    %cmp/u;
    %jmp/1 T_1.7, 6;
    %dup/vec4;
    %pushi/vec4 8, 0, 4;
    %cmp/u;
    %jmp/1 T_1.8, 6;
    %pushi/vec4 0, 0, 32;
    %store/vec4 v000001d739317bb0_0, 0, 32;
    %load/vec4 v000001d73931af20_0;
    %cmpi/e 0, 0, 32;
    %flag_mov 8, 4;
    %jmp/0 T_1.11, 8;
    %pushi/vec4 0, 0, 1;
    %jmp/1 T_1.12, 8;
T_1.11 ; End of true expr.
    %pushi/vec4 1, 0, 1;
    %jmp/0 T_1.12, 8;
 ; End of false expr.
    %blend;
T_1.12;
    %store/vec4 v000001d73931ac00_0, 0, 1;
    %jmp T_1.10;
T_1.0 ;
    %load/vec4 v000001d739317930_0;
    %store/vec4 v000001d739317bb0_0, 0, 32;
    %pushi/vec4 0, 0, 1;
    %store/vec4 v000001d73931ac00_0, 0, 1;
    %jmp T_1.10;
T_1.1 ;
    %load/vec4 v000001d73931a980_0;
    %store/vec4 v000001d739317bb0_0, 0, 32;
    %pushi/vec4 0, 0, 1;
    %store/vec4 v000001d73931ac00_0, 0, 1;
    %jmp T_1.10;
T_1.2 ;
    %load/vec4 v000001d739317a70_0;
    %store/vec4 v000001d739317bb0_0, 0, 32;
    %pushi/vec4 0, 0, 1;
    %store/vec4 v000001d73931ac00_0, 0, 1;
    %jmp T_1.10;
T_1.3 ;
    %load/vec4 v000001d739317c50_0;
    %store/vec4 v000001d739317bb0_0, 0, 32;
    %pushi/vec4 0, 0, 1;
    %store/vec4 v000001d73931ac00_0, 0, 1;
    %jmp T_1.10;
T_1.4 ;
    %pushi/vec4 0, 0, 31;
    %load/vec4 v000001d73931a980_0;
    %parti/s 1, 31, 6;
    %concat/vec4; draw_concat_vec4
    %store/vec4 v000001d739317bb0_0, 0, 32;
    %pushi/vec4 0, 0, 1;
    %store/vec4 v000001d73931ac00_0, 0, 1;
    %jmp T_1.10;
T_1.5 ;
    %load/vec4 v000001d73931af20_0;
    %store/vec4 v000001d739317bb0_0, 0, 32;
    %load/vec4 v000001d73931af20_0;
    %cmpi/e 0, 0, 32;
    %flag_mov 8, 4;
    %jmp/0 T_1.13, 8;
    %pushi/vec4 1, 0, 1;
    %jmp/1 T_1.14, 8;
T_1.13 ; End of true expr.
    %pushi/vec4 0, 0, 1;
    %jmp/0 T_1.14, 8;
 ; End of false expr.
    %blend;
T_1.14;
    %store/vec4 v000001d73931ac00_0, 0, 1;
    %jmp T_1.10;
T_1.6 ;
    %load/vec4 v000001d739318650_0;
    %store/vec4 v000001d739317bb0_0, 0, 32;
    %pushi/vec4 0, 0, 1;
    %store/vec4 v000001d73931ac00_0, 0, 1;
    %jmp T_1.10;
T_1.7 ;
    %load/vec4 v000001d739319da0_0;
    %store/vec4 v000001d739317bb0_0, 0, 32;
    %pushi/vec4 0, 0, 1;
    %store/vec4 v000001d73931ac00_0, 0, 1;
    %jmp T_1.10;
T_1.8 ;
    %load/vec4 v000001d739319080_0;
    %store/vec4 v000001d739317bb0_0, 0, 32;
    %pushi/vec4 0, 0, 1;
    %store/vec4 v000001d73931ac00_0, 0, 1;
    %jmp T_1.10;
T_1.10 ;
    %pop/vec4 1;
    %jmp T_1;
    .thread T_1, $push;
    .scope S_000001d738eccf30;
T_2 ;
    %wait E_000001d73928be40;
    %load/vec4 v000001d739322d50_0;
    %parti/s 3, 12, 5;
    %cmpi/e 5, 0, 3;
    %jmp/1 T_2.2, 4;
    %flag_mov 8, 4;
    %load/vec4 v000001d739322d50_0;
    %parti/s 3, 12, 5;
    %cmpi/e 1, 0, 3;
    %flag_get/vec4 4;
    %jmp/0 T_2.3, 4;
    %load/vec4 v000001d739322d50_0;
    %parti/s 1, 6, 4;
    %pushi/vec4 0, 0, 1;
    %cmp/e;
    %flag_get/vec4 4;
    %and;
T_2.3;
    %flag_set/vec4 9;
    %flag_or 9, 8;
    %flag_mov 4, 9;
T_2.2;
    %jmp/0xz  T_2.0, 4;
    %load/vec4 v000001d739322d50_0;
    %parti/s 1, 24, 6;
    %replicate 28;
    %load/vec4 v000001d739322d50_0;
    %parti/s 4, 20, 6;
    %concat/vec4; draw_concat_vec4
    %store/vec4 v000001d7393225d0_0, 0, 32;
    %jmp T_2.1;
T_2.0 ;
    %load/vec4 v000001d739322d50_0;
    %parti/s 7, 0, 2;
    %cmpi/e 99, 0, 7;
    %jmp/0xz  T_2.4, 4;
    %load/vec4 v000001d739322d50_0;
    %parti/s 1, 31, 6;
    %replicate 20;
    %load/vec4 v000001d739322d50_0;
    %parti/s 1, 7, 4;
    %concat/vec4; draw_concat_vec4
    %load/vec4 v000001d739322d50_0;
    %parti/s 6, 25, 6;
    %concat/vec4; draw_concat_vec4
    %load/vec4 v000001d739322d50_0;
    %parti/s 4, 8, 5;
    %concat/vec4; draw_concat_vec4
    %concati/vec4 0, 0, 1;
    %store/vec4 v000001d7393225d0_0, 0, 32;
    %jmp T_2.5;
T_2.4 ;
    %load/vec4 v000001d739322d50_0;
    %parti/s 7, 0, 2;
    %cmpi/e 35, 0, 7;
    %jmp/0xz  T_2.6, 4;
    %load/vec4 v000001d739322d50_0;
    %parti/s 1, 31, 6;
    %replicate 21;
    %load/vec4 v000001d739322d50_0;
    %parti/s 6, 25, 6;
    %concat/vec4; draw_concat_vec4
    %load/vec4 v000001d739322d50_0;
    %parti/s 5, 7, 4;
    %concat/vec4; draw_concat_vec4
    %store/vec4 v000001d7393225d0_0, 0, 32;
    %jmp T_2.7;
T_2.6 ;
    %load/vec4 v000001d739322d50_0;
    %parti/s 1, 3, 3;
    %cmpi/e 1, 0, 1;
    %jmp/0xz  T_2.8, 4;
    %load/vec4 v000001d739322d50_0;
    %parti/s 1, 31, 6;
    %replicate 12;
    %load/vec4 v000001d739322d50_0;
    %parti/s 8, 12, 5;
    %concat/vec4; draw_concat_vec4
    %load/vec4 v000001d739322d50_0;
    %parti/s 1, 20, 6;
    %concat/vec4; draw_concat_vec4
    %load/vec4 v000001d739322d50_0;
    %parti/s 10, 21, 6;
    %concat/vec4; draw_concat_vec4
    %concati/vec4 0, 0, 1;
    %store/vec4 v000001d7393225d0_0, 0, 32;
    %jmp T_2.9;
T_2.8 ;
    %load/vec4 v000001d739322d50_0;
    %parti/s 1, 31, 6;
    %replicate 21;
    %load/vec4 v000001d739322d50_0;
    %parti/s 11, 20, 6;
    %concat/vec4; draw_concat_vec4
    %store/vec4 v000001d7393225d0_0, 0, 32;
T_2.9 ;
T_2.7 ;
T_2.5 ;
T_2.1 ;
    %jmp T_2;
    .thread T_2, $push;
    .scope S_000001d738ecd0c0;
T_3 ;
    %wait E_000001d73928b680;
    %load/vec4 v000001d739321ef0_0;
    %pad/u 7;
    %ix/vec4 4;
    %load/vec4a v000001d7393219f0, 4;
    %store/vec4 v000001d739322e90_0, 0, 32;
    %load/vec4 v000001d739322350_0;
    %pad/u 7;
    %ix/vec4 4;
    %load/vec4a v000001d7393219f0, 4;
    %store/vec4 v000001d739322850_0, 0, 32;
    %load/vec4 v000001d739321ef0_0;
    %load/vec4 v000001d739322670_0;
    %cmp/e;
    %flag_get/vec4 4;
    %jmp/0 T_3.3, 4;
    %load/vec4 v000001d739321c70_0;
    %pushi/vec4 1, 0, 1;
    %cmp/e;
    %flag_get/vec4 4;
    %and;
T_3.3;
    %flag_set/vec4 9;
    %flag_get/vec4 9;
    %jmp/0 T_3.2, 9;
    %load/vec4 v000001d739322670_0;
    %pushi/vec4 0, 0, 5;
    %cmp/ne;
    %flag_get/vec4 4;
    %and;
T_3.2;
    %flag_set/vec4 8;
    %jmp/0xz  T_3.0, 8;
    %load/vec4 v000001d739322df0_0;
    %store/vec4 v000001d739322e90_0, 0, 32;
T_3.0 ;
    %load/vec4 v000001d739322350_0;
    %load/vec4 v000001d739322670_0;
    %cmp/e;
    %flag_get/vec4 4;
    %jmp/0 T_3.7, 4;
    %load/vec4 v000001d739321c70_0;
    %pushi/vec4 1, 0, 1;
    %cmp/e;
    %flag_get/vec4 4;
    %and;
T_3.7;
    %flag_set/vec4 9;
    %flag_get/vec4 9;
    %jmp/0 T_3.6, 9;
    %load/vec4 v000001d739322670_0;
    %pushi/vec4 0, 0, 5;
    %cmp/ne;
    %flag_get/vec4 4;
    %and;
T_3.6;
    %flag_set/vec4 8;
    %jmp/0xz  T_3.4, 8;
    %load/vec4 v000001d739322df0_0;
    %store/vec4 v000001d739322850_0, 0, 32;
T_3.4 ;
    %jmp T_3;
    .thread T_3, $push;
    .scope S_000001d738ecd0c0;
T_4 ;
    %wait E_000001d73928bd80;
    %load/vec4 v000001d739322990_0;
    %cmpi/e 0, 0, 1;
    %jmp/0xz  T_4.0, 4;
    %pushi/vec4 0, 0, 32;
    %store/vec4 v000001d739321950_0, 0, 32;
T_4.2 ;
    %load/vec4 v000001d739321950_0;
    %cmpi/s 32, 0, 32;
    %jmp/0xz T_4.3, 5;
    %pushi/vec4 0, 0, 32;
    %ix/getv/s 4, v000001d739321950_0;
    %store/vec4a v000001d7393219f0, 4, 0;
    %load/vec4 v000001d739321950_0;
    %addi 1, 0, 32;
    %store/vec4 v000001d739321950_0, 0, 32;
    %jmp T_4.2;
T_4.3 ;
    %jmp T_4.1;
T_4.0 ;
    %pushi/vec4 0, 0, 32;
    %store/vec4 v000001d739321950_0, 0, 32;
T_4.4 ;
    %load/vec4 v000001d739321950_0;
    %cmpi/s 32, 0, 32;
    %jmp/0xz T_4.5, 5;
    %ix/getv/s 4, v000001d739321950_0;
    %load/vec4a v000001d7393219f0, 4;
    %ix/getv/s 4, v000001d739321950_0;
    %store/vec4a v000001d7393219f0, 4, 0;
    %load/vec4 v000001d739321950_0;
    %addi 1, 0, 32;
    %store/vec4 v000001d739321950_0, 0, 32;
    %jmp T_4.4;
T_4.5 ;
    %load/vec4 v000001d739321c70_0;
    %cmpi/e 1, 0, 1;
    %flag_get/vec4 4;
    %jmp/0 T_4.8, 4;
    %load/vec4 v000001d739322670_0;
    %pushi/vec4 0, 0, 5;
    %cmp/ne;
    %flag_get/vec4 4;
    %and;
T_4.8;
    %flag_set/vec4 8;
    %jmp/0xz  T_4.6, 8;
    %load/vec4 v000001d739322df0_0;
    %load/vec4 v000001d739322670_0;
    %pad/u 7;
    %ix/vec4 4;
    %store/vec4a v000001d7393219f0, 4, 0;
T_4.6 ;
T_4.1 ;
    %jmp T_4;
    .thread T_4;
    .scope S_000001d738ed2e80;
T_5 ;
    %wait E_000001d73928bd80;
    %load/vec4 v000001d7393176b0_0;
    %nor/r;
    %load/vec4 v000001d739317570_0;
    %or;
    %flag_set/vec4 8;
    %jmp/0xz  T_5.0, 8;
    %pushi/vec4 19, 0, 32;
    %assign/vec4 v000001d7393180b0_0, 0;
    %pushi/vec4 0, 0, 32;
    %assign/vec4 v000001d7393185b0_0, 0;
    %jmp T_5.1;
T_5.0 ;
    %load/vec4 v000001d739318c90_0;
    %flag_set/vec4 8;
    %jmp/0xz  T_5.2, 8;
    %load/vec4 v000001d7393180b0_0;
    %assign/vec4 v000001d7393180b0_0, 0;
    %load/vec4 v000001d7393185b0_0;
    %assign/vec4 v000001d7393185b0_0, 0;
    %jmp T_5.3;
T_5.2 ;
    %load/vec4 v000001d7393171b0_0;
    %assign/vec4 v000001d7393180b0_0, 0;
    %load/vec4 v000001d7393172f0_0;
    %assign/vec4 v000001d7393185b0_0, 0;
T_5.3 ;
T_5.1 ;
    %jmp T_5;
    .thread T_5;
    .scope S_000001d738e3eac0;
T_6 ;
    %wait E_000001d73928bd80;
    %load/vec4 v000001d739317070_0;
    %nor/r;
    %load/vec4 v000001d739316b40_0;
    %or;
    %flag_set/vec4 8;
    %jmp/0xz  T_6.0, 8;
    %pushi/vec4 0, 0, 1;
    %assign/vec4 v000001d739318a10_0, 0;
    %pushi/vec4 0, 0, 1;
    %assign/vec4 v000001d739316320_0, 0;
    %pushi/vec4 0, 0, 1;
    %assign/vec4 v000001d739315740_0, 0;
    %pushi/vec4 0, 0, 1;
    %assign/vec4 v000001d7393160a0_0, 0;
    %pushi/vec4 0, 0, 1;
    %assign/vec4 v000001d739318010_0, 0;
    %pushi/vec4 0, 0, 1;
    %assign/vec4 v000001d739315ce0_0, 0;
    %pushi/vec4 0, 0, 1;
    %assign/vec4 v000001d739316e60_0, 0;
    %pushi/vec4 0, 0, 1;
    %assign/vec4 v000001d739316f00_0, 0;
    %pushi/vec4 0, 0, 2;
    %assign/vec4 v000001d739315380_0, 0;
    %pushi/vec4 0, 0, 1;
    %assign/vec4 v000001d739315560_0, 0;
    %pushi/vec4 0, 0, 32;
    %assign/vec4 v000001d739316640_0, 0;
    %pushi/vec4 0, 0, 5;
    %assign/vec4 v000001d739316820_0, 0;
    %jmp T_6.1;
T_6.0 ;
    %load/vec4 v000001d7393174d0_0;
    %flag_set/vec4 8;
    %jmp/0xz  T_6.2, 8;
    %load/vec4 v000001d739318a10_0;
    %assign/vec4 v000001d739318a10_0, 0;
    %load/vec4 v000001d739316320_0;
    %assign/vec4 v000001d739316320_0, 0;
    %load/vec4 v000001d739315740_0;
    %assign/vec4 v000001d739315740_0, 0;
    %load/vec4 v000001d7393160a0_0;
    %assign/vec4 v000001d7393160a0_0, 0;
    %load/vec4 v000001d739318010_0;
    %assign/vec4 v000001d739318010_0, 0;
    %load/vec4 v000001d739315ce0_0;
    %assign/vec4 v000001d739315ce0_0, 0;
    %load/vec4 v000001d739316e60_0;
    %assign/vec4 v000001d739316e60_0, 0;
    %load/vec4 v000001d739316f00_0;
    %assign/vec4 v000001d739316f00_0, 0;
    %load/vec4 v000001d739315380_0;
    %assign/vec4 v000001d739315380_0, 0;
    %load/vec4 v000001d739315560_0;
    %assign/vec4 v000001d739315560_0, 0;
    %load/vec4 v000001d739315880_0;
    %assign/vec4 v000001d739315880_0, 0;
    %load/vec4 v000001d739317d90_0;
    %assign/vec4 v000001d739317d90_0, 0;
    %load/vec4 v000001d739318830_0;
    %assign/vec4 v000001d739318830_0, 0;
    %load/vec4 v000001d7393168c0_0;
    %assign/vec4 v000001d7393168c0_0, 0;
    %load/vec4 v000001d739318150_0;
    %assign/vec4 v000001d739318150_0, 0;
    %load/vec4 v000001d739316820_0;
    %assign/vec4 v000001d739316820_0, 0;
    %load/vec4 v000001d739316640_0;
    %assign/vec4 v000001d739316640_0, 0;
    %load/vec4 v000001d739318970_0;
    %assign/vec4 v000001d739318970_0, 0;
    %jmp T_6.3;
T_6.2 ;
    %load/vec4 v000001d739317610_0;
    %assign/vec4 v000001d739318a10_0, 0;
    %load/vec4 v000001d739316dc0_0;
    %assign/vec4 v000001d739316320_0, 0;
    %load/vec4 v000001d739315b00_0;
    %assign/vec4 v000001d739315740_0, 0;
    %load/vec4 v000001d739316000_0;
    %assign/vec4 v000001d7393160a0_0, 0;
    %load/vec4 v000001d739317ed0_0;
    %assign/vec4 v000001d739318010_0, 0;
    %load/vec4 v000001d7393163c0_0;
    %assign/vec4 v000001d739315ce0_0, 0;
    %load/vec4 v000001d739315a60_0;
    %assign/vec4 v000001d739316e60_0, 0;
    %load/vec4 v000001d739315ec0_0;
    %assign/vec4 v000001d739316f00_0, 0;
    %load/vec4 v000001d739316d20_0;
    %assign/vec4 v000001d739315380_0, 0;
    %load/vec4 v000001d739316a00_0;
    %assign/vec4 v000001d739315560_0, 0;
    %load/vec4 v000001d7393152e0_0;
    %assign/vec4 v000001d739315880_0, 0;
    %load/vec4 v000001d739317430_0;
    %assign/vec4 v000001d739317d90_0, 0;
    %load/vec4 v000001d739318b50_0;
    %assign/vec4 v000001d739318830_0, 0;
    %load/vec4 v000001d7393157e0_0;
    %assign/vec4 v000001d7393168c0_0, 0;
    %load/vec4 v000001d739316960_0;
    %assign/vec4 v000001d739318150_0, 0;
    %load/vec4 v000001d7393166e0_0;
    %assign/vec4 v000001d739316820_0, 0;
    %load/vec4 v000001d739315d80_0;
    %assign/vec4 v000001d739316640_0, 0;
    %load/vec4 v000001d739317cf0_0;
    %assign/vec4 v000001d739318970_0, 0;
T_6.3 ;
T_6.1 ;
    %jmp T_6;
    .thread T_6;
    .scope S_000001d738ea2a80;
T_7 ;
    %wait E_000001d73928bd80;
    %load/vec4 v000001d7392aab60_0;
    %nor/r;
    %flag_set/vec4 8;
    %jmp/0xz  T_7.0, 8;
    %pushi/vec4 0, 0, 1;
    %assign/vec4 v000001d7392ab920_0, 0;
    %pushi/vec4 0, 0, 1;
    %assign/vec4 v000001d7392ab880_0, 0;
    %pushi/vec4 0, 0, 1;
    %assign/vec4 v000001d7392aae80_0, 0;
    %pushi/vec4 0, 0, 1;
    %assign/vec4 v000001d7392aa340_0, 0;
    %pushi/vec4 0, 0, 1;
    %assign/vec4 v000001d7392aaa20_0, 0;
    %pushi/vec4 0, 0, 1;
    %assign/vec4 v000001d7392ab7e0_0, 0;
    %pushi/vec4 0, 0, 5;
    %assign/vec4 v000001d7392aa200_0, 0;
    %jmp T_7.1;
T_7.0 ;
    %load/vec4 v000001d7392aba60_0;
    %flag_set/vec4 8;
    %jmp/0xz  T_7.2, 8;
    %load/vec4 v000001d7392ab920_0;
    %assign/vec4 v000001d7392ab920_0, 0;
    %load/vec4 v000001d7392ab880_0;
    %assign/vec4 v000001d7392ab880_0, 0;
    %load/vec4 v000001d7392aae80_0;
    %assign/vec4 v000001d7392aae80_0, 0;
    %load/vec4 v000001d7392aa340_0;
    %assign/vec4 v000001d7392aa340_0, 0;
    %load/vec4 v000001d7392aaa20_0;
    %assign/vec4 v000001d7392aaa20_0, 0;
    %load/vec4 v000001d7392ab7e0_0;
    %assign/vec4 v000001d7392ab7e0_0, 0;
    %load/vec4 v000001d7392aa020_0;
    %assign/vec4 v000001d7392aa020_0, 0;
    %load/vec4 v000001d7392aac00_0;
    %assign/vec4 v000001d7392aac00_0, 0;
    %load/vec4 v000001d7392aa200_0;
    %assign/vec4 v000001d7392aa200_0, 0;
    %load/vec4 v000001d7392ab9c0_0;
    %assign/vec4 v000001d7392ab9c0_0, 0;
    %jmp T_7.3;
T_7.2 ;
    %load/vec4 v000001d7392ab6a0_0;
    %assign/vec4 v000001d7392ab920_0, 0;
    %load/vec4 v000001d7392aaca0_0;
    %assign/vec4 v000001d7392ab880_0, 0;
    %load/vec4 v000001d7392aa5c0_0;
    %assign/vec4 v000001d7392aae80_0, 0;
    %load/vec4 v000001d7392aa160_0;
    %assign/vec4 v000001d7392aa340_0, 0;
    %load/vec4 v000001d7392a9da0_0;
    %assign/vec4 v000001d7392aaa20_0, 0;
    %load/vec4 v000001d7392aa0c0_0;
    %assign/vec4 v000001d7392ab7e0_0, 0;
    %load/vec4 v000001d7392ab560_0;
    %assign/vec4 v000001d7392aa020_0, 0;
    %load/vec4 v000001d7392aaac0_0;
    %assign/vec4 v000001d7392aac00_0, 0;
    %load/vec4 v000001d7392aad40_0;
    %assign/vec4 v000001d7392aa200_0, 0;
    %load/vec4 v000001d7392a9d00_0;
    %assign/vec4 v000001d7392ab9c0_0, 0;
T_7.3 ;
T_7.1 ;
    %jmp T_7;
    .thread T_7;
    .scope S_000001d738eaf800;
T_8 ;
    %wait E_000001d73928bd80;
    %load/vec4 v000001d7393179d0_0;
    %nor/r;
    %flag_set/vec4 8;
    %jmp/0xz  T_8.0, 8;
    %pushi/vec4 0, 0, 1;
    %assign/vec4 v000001d739318d30_0, 0;
    %pushi/vec4 0, 0, 1;
    %assign/vec4 v000001d739318bf0_0, 0;
    %pushi/vec4 0, 0, 1;
    %assign/vec4 v000001d739317250_0, 0;
    %pushi/vec4 0, 0, 1;
    %assign/vec4 v000001d739318dd0_0, 0;
    %pushi/vec4 0, 0, 5;
    %assign/vec4 v000001d7393186f0_0, 0;
    %jmp T_8.1;
T_8.0 ;
    %load/vec4 v000001d7393177f0_0;
    %flag_set/vec4 8;
    %jmp/0xz  T_8.2, 8;
    %load/vec4 v000001d739318d30_0;
    %assign/vec4 v000001d739318d30_0, 0;
    %load/vec4 v000001d739318bf0_0;
    %assign/vec4 v000001d739318bf0_0, 0;
    %load/vec4 v000001d739317250_0;
    %assign/vec4 v000001d739317250_0, 0;
    %load/vec4 v000001d739318dd0_0;
    %assign/vec4 v000001d739318dd0_0, 0;
    %load/vec4 v000001d739318ab0_0;
    %assign/vec4 v000001d739318ab0_0, 0;
    %load/vec4 v000001d739318e70_0;
    %assign/vec4 v000001d739318e70_0, 0;
    %load/vec4 v000001d7393186f0_0;
    %assign/vec4 v000001d7393186f0_0, 0;
    %load/vec4 v000001d739317110_0;
    %assign/vec4 v000001d739317110_0, 0;
    %jmp T_8.3;
T_8.2 ;
    %load/vec4 v000001d7393183d0_0;
    %assign/vec4 v000001d739318d30_0, 0;
    %load/vec4 v000001d7393181f0_0;
    %assign/vec4 v000001d739318bf0_0, 0;
    %load/vec4 v000001d739317390_0;
    %assign/vec4 v000001d739317250_0, 0;
    %load/vec4 v000001d739318f10_0;
    %assign/vec4 v000001d739318dd0_0, 0;
    %load/vec4 v000001d739318510_0;
    %assign/vec4 v000001d739318ab0_0, 0;
    %load/vec4 v000001d739318290_0;
    %assign/vec4 v000001d739318e70_0, 0;
    %load/vec4 v000001d739317750_0;
    %assign/vec4 v000001d7393186f0_0, 0;
    %load/vec4 v000001d739318330_0;
    %assign/vec4 v000001d739317110_0, 0;
T_8.3 ;
T_8.1 ;
    %jmp T_8;
    .thread T_8;
    .scope S_000001d738ea28f0;
T_9 ;
    %wait E_000001d73928c100;
    %load/vec4 v000001d73932a960_0;
    %dup/vec4;
    %pushi/vec4 0, 0, 2;
    %cmp/u;
    %jmp/1 T_9.0, 6;
    %dup/vec4;
    %pushi/vec4 1, 0, 2;
    %cmp/u;
    %jmp/1 T_9.1, 6;
    %dup/vec4;
    %pushi/vec4 2, 0, 2;
    %cmp/u;
    %jmp/1 T_9.2, 6;
    %pushi/vec4 0, 0, 2;
    %assign/vec4 v000001d73932b180_0, 0;
    %pushi/vec4 0, 0, 16;
    %assign/vec4 v000001d739327bc0_0, 0;
    %jmp T_9.4;
T_9.0 ;
    %load/vec4 v000001d739327da0_0;
    %parti/s 2, 0, 2;
    %cmpi/e 3, 0, 2;
    %jmp/0xz  T_9.5, 4;
    %pushi/vec4 0, 0, 2;
    %assign/vec4 v000001d73932b180_0, 0;
    %pushi/vec4 0, 0, 16;
    %assign/vec4 v000001d739327bc0_0, 0;
    %jmp T_9.6;
T_9.5 ;
    %pushi/vec4 1, 0, 2;
    %assign/vec4 v000001d73932b180_0, 0;
    %load/vec4 v000001d739327da0_0;
    %parti/s 16, 16, 6;
    %assign/vec4 v000001d739327bc0_0, 0;
T_9.6 ;
    %jmp T_9.4;
T_9.1 ;
    %load/vec4 v000001d739328520_0;
    %parti/s 2, 0, 2;
    %cmpi/e 3, 0, 2;
    %jmp/0xz  T_9.7, 4;
    %pushi/vec4 1, 0, 2;
    %assign/vec4 v000001d73932b180_0, 0;
    %load/vec4 v000001d739327da0_0;
    %parti/s 16, 16, 6;
    %assign/vec4 v000001d739327bc0_0, 0;
    %jmp T_9.8;
T_9.7 ;
    %pushi/vec4 0, 0, 2;
    %assign/vec4 v000001d73932b180_0, 0;
    %pushi/vec4 0, 0, 16;
    %assign/vec4 v000001d739327bc0_0, 0;
T_9.8 ;
    %jmp T_9.4;
T_9.2 ;
    %pushi/vec4 1, 0, 2;
    %assign/vec4 v000001d73932b180_0, 0;
    %load/vec4 v000001d739327da0_0;
    %parti/s 16, 16, 6;
    %assign/vec4 v000001d739327bc0_0, 0;
    %jmp T_9.4;
T_9.4 ;
    %pop/vec4 1;
    %jmp T_9;
    .thread T_9, $push;
    .scope S_000001d738ea28f0;
T_10 ;
    %wait E_000001d73928bd80;
    %load/vec4 v000001d739329100_0;
    %cmpi/e 0, 0, 1;
    %jmp/0xz  T_10.0, 4;
    %pushi/vec4 0, 0, 2;
    %assign/vec4 v000001d73932a960_0, 0;
    %pushi/vec4 0, 0, 16;
    %assign/vec4 v000001d739328520_0, 0;
    %jmp T_10.1;
T_10.0 ;
    %load/vec4 v000001d739329240_0;
    %flag_set/vec4 8;
    %jmp/0xz  T_10.2, 8;
    %load/vec4 v000001d73932a960_0;
    %assign/vec4 v000001d73932a960_0, 0;
    %load/vec4 v000001d739328520_0;
    %assign/vec4 v000001d739328520_0, 0;
    %jmp T_10.3;
T_10.2 ;
    %load/vec4 v000001d73932b180_0;
    %assign/vec4 v000001d73932a960_0, 0;
    %load/vec4 v000001d739327bc0_0;
    %assign/vec4 v000001d739328520_0, 0;
T_10.3 ;
T_10.1 ;
    %jmp T_10;
    .thread T_10;
    .scope S_000001d738ea28f0;
T_11 ;
    %wait E_000001d73928c100;
    %load/vec4 v000001d73932a960_0;
    %dup/vec4;
    %pushi/vec4 0, 0, 2;
    %cmp/u;
    %jmp/1 T_11.0, 6;
    %dup/vec4;
    %pushi/vec4 1, 0, 2;
    %cmp/u;
    %jmp/1 T_11.1, 6;
    %dup/vec4;
    %pushi/vec4 2, 0, 2;
    %cmp/u;
    %jmp/1 T_11.2, 6;
    %pushi/vec4 19, 0, 32;
    %assign/vec4 v000001d739329e20_0, 0;
    %jmp T_11.4;
T_11.0 ;
    %load/vec4 v000001d739327da0_0;
    %assign/vec4 v000001d739329e20_0, 0;
    %jmp T_11.4;
T_11.1 ;
    %load/vec4 v000001d739327da0_0;
    %parti/s 16, 0, 2;
    %load/vec4 v000001d739328520_0;
    %concat/vec4; draw_concat_vec4
    %assign/vec4 v000001d739329e20_0, 0;
    %jmp T_11.4;
T_11.2 ;
    %pushi/vec4 19, 0, 32;
    %assign/vec4 v000001d739329e20_0, 0;
    %jmp T_11.4;
T_11.4 ;
    %pop/vec4 1;
    %jmp T_11;
    .thread T_11, $push;
    .scope S_000001d738ea28f0;
T_12 ;
    %wait E_000001d73928bd80;
    %load/vec4 v000001d739329100_0;
    %cmpi/e 0, 0, 1;
    %jmp/0xz  T_12.0, 4;
    %pushi/vec4 0, 0, 32;
    %assign/vec4 v000001d739320190_0, 0;
    %jmp T_12.1;
T_12.0 ;
    %load/vec4 v000001d739329240_0;
    %flag_set/vec4 8;
    %jmp/0xz  T_12.2, 8;
    %load/vec4 v000001d739320190_0;
    %assign/vec4 v000001d739320190_0, 0;
    %jmp T_12.3;
T_12.2 ;
    %load/vec4 v000001d739327b20_0;
    %assign/vec4 v000001d739320190_0, 0;
T_12.3 ;
T_12.1 ;
    %jmp T_12;
    .thread T_12;
# The file index is used to find the file name in the following table.
:file_names 11;
    "N/A";
    "<interactive>";
    ".\RISCV_Pipeline.v";
    "./Pipeline_Registers.v";
    "./Forwarding_Unit.v";
    "./Hazard_Detection_Unit.v";
    "./alu.v";
    "./alu_control.v";
    "./control.v";
    "./immgen.v";
    "./register_file.v";
